This file contains any messages produced by compilers while
running configure, to aid debugging if configure makes a mistake.

It was created by INF2610-LAB2 configure 1.4, which was
generated by GNU Autoconf 2.69.  Invocation command line was

  $ ./configure 

## --------- ##
## Platform. ##
## --------- ##

hostname = l4712-05.info.polymtl.ca
uname -m = x86_64
uname -r = 3.17.4-200.fc20.x86_64
uname -s = Linux
uname -v = #1 SMP Fri Nov 21 23:26:41 UTC 2014

/usr/bin/uname -p = x86_64
/bin/uname -X     = unknown

/bin/arch              = x86_64
/usr/bin/arch -k       = unknown
/usr/convex/getsysinfo = unknown
/usr/bin/hostinfo      = unknown
/bin/machine           = unknown
/usr/bin/oslevel       = unknown
/bin/universe          = unknown

PATH: /usr/lib64/qt-3.3/bin
PATH: /usr/lib64/mpich/bin
PATH: /usr/local/bin
PATH: /usr/bin
PATH: /bin
PATH: /usr/games
PATH: /usr/local/sbin
PATH: /usr/sbin
PATH: /usr/local/cuda/bin
PATH: /opt/MATLAB/R2014a/bin
PATH: /opt/pycharm-edu-1.0/bin
PATH: /usr/local/pmccabe/usr/bin
PATH: /usr/local/CPNTools/bin
PATH: /usr/local/openclcc/bin
PATH: /usr/local/cours/inf1995/bin
PATH: /usr/local/cours/INF6410/bin
PATH: /usr/local/cours/inf6802/bin
PATH: /usr/local/cours/JohnMullins/bin
PATH: /usr/local/cours/LOG4420/bin
PATH: /usr/local/cours/INF2610/workload-kit-0.1.16/bin
PATH: /usr/local/cours/INF2610/lttv/bin
PATH: /usr/local/cours/INF2610/traceviewer
PATH: /usr/local/cours/INF2610/trace-compass
PATH: /usr/local/cours/INF6101/minizinc-2.0.1/bin
PATH: /usr/local/cours/INF6603/CPAchecker-1.3.4-unix/scripts
PATH: /usr/local/cours/INF6603/llbmc-2013.1-Linux_64/bin


## ----------- ##
## Core tests. ##
## ----------- ##

configure:2401: checking for a BSD-compatible install
configure:2469: result: /usr/bin/install -c
configure:2480: checking whether build environment is sane
configure:2535: result: yes
configure:2686: checking for a thread-safe mkdir -p
configure:2725: result: /usr/bin/mkdir -p
configure:2732: checking for gawk
configure:2748: found /usr/bin/gawk
configure:2759: result: gawk
configure:2770: checking whether make sets $(MAKE)
configure:2792: result: yes
configure:2821: checking whether make supports nested variables
configure:2838: result: yes
configure:2993: checking build system type
configure:3007: result: x86_64-unknown-linux-gnu
configure:3027: checking host system type
configure:3040: result: x86_64-unknown-linux-gnu
configure:3081: checking how to print strings
configure:3108: result: printf
configure:3141: checking for style of include used by make
configure:3169: result: GNU
configure:3240: checking for gcc
configure:3256: found /usr/bin/gcc
configure:3267: result: gcc
configure:3496: checking for C compiler version
configure:3505: gcc --version >&5
gcc (GCC) 4.8.3 20140911 (Red Hat 4.8.3-7)
Copyright (C) 2013 Free Software Foundation, Inc.
This is free software; see the source for copying conditions.  There is NO
warranty; not even for MERCHANTABILITY or FITNESS FOR A PARTICULAR PURPOSE.

configure:3516: $? = 0
configure:3505: gcc -v >&5
Using built-in specs.
COLLECT_GCC=gcc
COLLECT_LTO_WRAPPER=/usr/libexec/gcc/x86_64-redhat-linux/4.8.3/lto-wrapper
Target: x86_64-redhat-linux
Configured with: ../configure --prefix=/usr --mandir=/usr/share/man --infodir=/usr/share/info --with-bugurl=http://bugzilla.redhat.com/bugzilla --enable-bootstrap --enable-shared --enable-threads=posix --enable-checking=release --with-system-zlib --enable-__cxa_atexit --disable-libunwind-exceptions --enable-gnu-unique-object --enable-linker-build-id --with-linker-hash-style=gnu --enable-languages=c,c++,objc,obj-c++,java,fortran,ada,go,lto --enable-plugin --enable-initfini-array --enable-java-awt=gtk --disable-dssi --with-java-home=/usr/lib/jvm/java-1.5.0-gcj-1.5.0.0/jre --enable-libgcj-multifile --enable-java-maintainer-mode --with-ecj-jar=/usr/share/java/eclipse-ecj.jar --disable-libjava-multilib --with-isl=/builddir/build/BUILD/gcc-4.8.3-20140911/obj-x86_64-redhat-linux/isl-install --with-cloog=/builddir/build/BUILD/gcc-4.8.3-20140911/obj-x86_64-redhat-linux/cloog-install --with-tune=generic --with-arch_32=i686 --build=x86_64-redhat-linux
Thread model: posix
gcc version 4.8.3 20140911 (Red Hat 4.8.3-7) (GCC) 
configure:3516: $? = 0
configure:3505: gcc -V >&5
gcc: error: unrecognized command line option '-V'
gcc: fatal error: no input files
compilation terminated.
configure:3516: $? = 4
configure:3505: gcc -qversion >&5
gcc: error: unrecognized command line option '-qversion'
gcc: fatal error: no input files
compilation terminated.
configure:3516: $? = 4
configure:3536: checking whether the C compiler works
configure:3558: gcc    conftest.c  >&5
configure:3562: $? = 0
configure:3610: result: yes
configure:3613: checking for C compiler default output file name
configure:3615: result: a.out
configure:3621: checking for suffix of executables
configure:3628: gcc -o conftest    conftest.c  >&5
configure:3632: $? = 0
configure:3654: result: 
configure:3676: checking whether we are cross compiling
configure:3684: gcc -o conftest    conftest.c  >&5
configure:3688: $? = 0
configure:3695: ./conftest
configure:3699: $? = 0
configure:3714: result: no
configure:3719: checking for suffix of object files
configure:3741: gcc -c   conftest.c >&5
configure:3745: $? = 0
configure:3766: result: o
configure:3770: checking whether we are using the GNU C compiler
configure:3789: gcc -c   conftest.c >&5
configure:3789: $? = 0
configure:3798: result: yes
configure:3807: checking whether gcc accepts -g
configure:3827: gcc -c -g  conftest.c >&5
configure:3827: $? = 0
configure:3868: result: yes
configure:3885: checking for gcc option to accept ISO C89
configure:3948: gcc  -c -g -O2  conftest.c >&5
configure:3948: $? = 0
configure:3961: result: none needed
configure:3986: checking whether gcc understands -c and -o together
configure:4008: gcc -c conftest.c -o conftest2.o
configure:4011: $? = 0
configure:4008: gcc -c conftest.c -o conftest2.o
configure:4011: $? = 0
configure:4023: result: yes
configure:4042: checking dependency style of gcc
configure:4153: result: gcc3
configure:4168: checking for a sed that does not truncate output
configure:4232: result: /usr/bin/sed
configure:4250: checking for grep that handles long lines and -e
configure:4308: result: /usr/bin/grep
configure:4313: checking for egrep
configure:4375: result: /usr/bin/grep -E
configure:4380: checking for fgrep
configure:4442: result: /usr/bin/grep -F
configure:4477: checking for ld used by gcc
configure:4544: result: /usr/bin/ld
configure:4551: checking if the linker (/usr/bin/ld) is GNU ld
configure:4566: result: yes
configure:4578: checking for BSD- or MS-compatible name lister (nm)
configure:4627: result: /usr/bin/nm -B
configure:4757: checking the name lister (/usr/bin/nm -B) interface
configure:4764: gcc -c -g -O2  conftest.c >&5
configure:4767: /usr/bin/nm -B "conftest.o"
configure:4770: output
0000000000000000 B some_variable
configure:4777: result: BSD nm
configure:4780: checking whether ln -s works
configure:4784: result: yes
configure:4792: checking the maximum length of command line arguments
configure:4923: result: 1572864
configure:4940: checking whether the shell understands some XSI constructs
configure:4950: result: yes
configure:4954: checking whether the shell understands "+="
configure:4960: result: yes
configure:4995: checking how to convert x86_64-unknown-linux-gnu file names to x86_64-unknown-linux-gnu format
configure:5035: result: func_convert_file_noop
configure:5042: checking how to convert x86_64-unknown-linux-gnu file names to toolchain format
configure:5062: result: func_convert_file_noop
configure:5069: checking for /usr/bin/ld option to reload object files
configure:5076: result: -r
configure:5150: checking for objdump
configure:5166: found /usr/bin/objdump
configure:5177: result: objdump
configure:5209: checking how to recognize dependent libraries
configure:5407: result: pass_all
configure:5492: checking for dlltool
configure:5522: result: no
configure:5552: checking how to associate runtime and link libraries
configure:5579: result: printf %s\n
configure:5640: checking for ar
configure:5656: found /usr/bin/ar
configure:5667: result: ar
configure:5704: checking for archiver @FILE support
configure:5721: gcc -c -g -O2  conftest.c >&5
configure:5721: $? = 0
configure:5724: ar cru libconftest.a @conftest.lst >&5
configure:5727: $? = 0
configure:5732: ar cru libconftest.a @conftest.lst >&5
ar: conftest.o: No such file or directory
configure:5735: $? = 1
configure:5747: result: @
configure:5805: checking for strip
configure:5821: found /usr/bin/strip
configure:5832: result: strip
configure:5904: checking for ranlib
configure:5920: found /usr/bin/ranlib
configure:5931: result: ranlib
configure:6033: checking command to parse /usr/bin/nm -B output from gcc object
configure:6153: gcc -c -g -O2  conftest.c >&5
configure:6156: $? = 0
configure:6160: /usr/bin/nm -B conftest.o \| sed -n -e 's/^.*[ ]\([ABCDGIRSTW][ABCDGIRSTW]*\)[ ][ ]*\([_A-Za-z][_A-Za-z0-9]*\)$/\1 \2 \2/p' | sed '/ __gnu_lto/d' \> conftest.nm
configure:6163: $? = 0
configure:6229: gcc -o conftest -g -O2   conftest.c conftstm.o >&5
configure:6232: $? = 0
configure:6270: result: ok
configure:6307: checking for sysroot
configure:6337: result: no
configure:6414: gcc -c -g -O2  conftest.c >&5
configure:6417: $? = 0
configure:6606: checking for mt
configure:6636: result: no
configure:6656: checking if : is a manifest tool
configure:6662: : '-?'
configure:6670: result: no
configure:7312: checking how to run the C preprocessor
configure:7343: gcc -E  conftest.c
configure:7343: $? = 0
configure:7357: gcc -E  conftest.c
conftest.c:11:28: fatal error: ac_nonexistent.h: No such file or directory
 #include <ac_nonexistent.h>
                            ^
compilation terminated.
configure:7357: $? = 1
configure: failed program was:
| /* confdefs.h */
| #define PACKAGE_NAME "INF2610-LAB2"
| #define PACKAGE_TARNAME "inf2610-lab2"
| #define PACKAGE_VERSION "1.4"
| #define PACKAGE_STRING "INF2610-LAB2 1.4"
| #define PACKAGE_BUGREPORT ""
| #define PACKAGE_URL ""
| #define PACKAGE "inf2610-lab2"
| #define VERSION "1.4"
| /* end confdefs.h.  */
| #include <ac_nonexistent.h>
configure:7382: result: gcc -E
configure:7402: gcc -E  conftest.c
configure:7402: $? = 0
configure:7416: gcc -E  conftest.c
conftest.c:11:28: fatal error: ac_nonexistent.h: No such file or directory
 #include <ac_nonexistent.h>
                            ^
compilation terminated.
configure:7416: $? = 1
configure: failed program was:
| /* confdefs.h */
| #define PACKAGE_NAME "INF2610-LAB2"
| #define PACKAGE_TARNAME "inf2610-lab2"
| #define PACKAGE_VERSION "1.4"
| #define PACKAGE_STRING "INF2610-LAB2 1.4"
| #define PACKAGE_BUGREPORT ""
| #define PACKAGE_URL ""
| #define PACKAGE "inf2610-lab2"
| #define VERSION "1.4"
| /* end confdefs.h.  */
| #include <ac_nonexistent.h>
configure:7445: checking for ANSI C header files
configure:7465: gcc -c -g -O2  conftest.c >&5
configure:7465: $? = 0
configure:7538: gcc -o conftest -g -O2   conftest.c  >&5
configure:7538: $? = 0
configure:7538: ./conftest
configure:7538: $? = 0
configure:7549: result: yes
configure:7562: checking for sys/types.h
configure:7562: gcc -c -g -O2  conftest.c >&5
configure:7562: $? = 0
configure:7562: result: yes
configure:7562: checking for sys/stat.h
configure:7562: gcc -c -g -O2  conftest.c >&5
configure:7562: $? = 0
configure:7562: result: yes
configure:7562: checking for stdlib.h
configure:7562: gcc -c -g -O2  conftest.c >&5
configure:7562: $? = 0
configure:7562: result: yes
configure:7562: checking for string.h
configure:7562: gcc -c -g -O2  conftest.c >&5
configure:7562: $? = 0
configure:7562: result: yes
configure:7562: checking for memory.h
configure:7562: gcc -c -g -O2  conftest.c >&5
configure:7562: $? = 0
configure:7562: result: yes
configure:7562: checking for strings.h
configure:7562: gcc -c -g -O2  conftest.c >&5
configure:7562: $? = 0
configure:7562: result: yes
configure:7562: checking for inttypes.h
configure:7562: gcc -c -g -O2  conftest.c >&5
configure:7562: $? = 0
configure:7562: result: yes
configure:7562: checking for stdint.h
configure:7562: gcc -c -g -O2  conftest.c >&5
configure:7562: $? = 0
configure:7562: result: yes
configure:7562: checking for unistd.h
configure:7562: gcc -c -g -O2  conftest.c >&5
configure:7562: $? = 0
configure:7562: result: yes
configure:7576: checking for dlfcn.h
configure:7576: gcc -c -g -O2  conftest.c >&5
configure:7576: $? = 0
configure:7576: result: yes
configure:7782: checking for objdir
configure:7797: result: .libs
configure:8068: checking if gcc supports -fno-rtti -fno-exceptions
configure:8086: gcc -c -g -O2  -fno-rtti -fno-exceptions conftest.c >&5
cc1: warning: command line option '-fno-rtti' is valid for C++/ObjC++ but not for C [enabled by default]
configure:8090: $? = 0
configure:8103: result: no
configure:8430: checking for gcc option to produce PIC
configure:8437: result: -fPIC -DPIC
configure:8445: checking if gcc PIC flag -fPIC -DPIC works
configure:8463: gcc -c -g -O2  -fPIC -DPIC -DPIC conftest.c >&5
configure:8467: $? = 0
configure:8480: result: yes
configure:8509: checking if gcc static flag -static works
configure:8537: result: no
configure:8552: checking if gcc supports -c -o file.o
configure:8573: gcc -c -g -O2  -o out/conftest2.o conftest.c >&5
configure:8577: $? = 0
configure:8599: result: yes
configure:8607: checking if gcc supports -c -o file.o
configure:8654: result: yes
configure:8687: checking whether the gcc linker (/usr/bin/ld -m elf_x86_64) supports shared libraries
configure:9844: result: yes
configure:9881: checking whether -lc should be explicitly linked in
configure:9889: gcc -c -g -O2  conftest.c >&5
configure:9892: $? = 0
configure:9907: gcc -shared  -fPIC -DPIC conftest.o  -v -Wl,-soname -Wl,conftest -o conftest 2\>\&1 \| /usr/bin/grep  -lc  \>/dev/null 2\>\&1
configure:9910: $? = 0
configure:9924: result: no
configure:10084: checking dynamic linker characteristics
configure:10584: gcc -o conftest -g -O2   -Wl,-rpath -Wl,/foo conftest.c  >&5
configure:10584: $? = 0
configure:10818: result: GNU/Linux ld.so
configure:10925: checking how to hardcode library paths into programs
configure:10950: result: immediate
configure:11490: checking whether stripping libraries is possible
configure:11495: result: yes
configure:11530: checking if libtool supports shared libraries
configure:11532: result: yes
configure:11535: checking whether to build shared libraries
configure:11556: result: yes
configure:11559: checking whether to build static libraries
configure:11563: result: yes
configure:11604: checking for sys/types.h
configure:11604: result: yes
configure:11604: checking for unistd.h
configure:11604: result: yes
configure:11604: checking fcntl.h usability
configure:11604: gcc -c -g -O2  conftest.c >&5
configure:11604: $? = 0
configure:11604: result: yes
configure:11604: checking fcntl.h presence
configure:11604: gcc -E  conftest.c
configure:11604: $? = 0
configure:11604: result: yes
configure:11604: checking for fcntl.h
configure:11604: result: yes
configure:11604: checking for strings.h
configure:11604: result: yes
configure:11604: checking pthread.h usability
configure:11604: gcc -c -g -O2  conftest.c >&5
configure:11604: $? = 0
configure:11604: result: yes
configure:11604: checking pthread.h presence
configure:11604: gcc -E  conftest.c
configure:11604: $? = 0
configure:11604: result: yes
configure:11604: checking for pthread.h
configure:11604: result: yes
configure:11604: checking time.h usability
configure:11604: gcc -c -g -O2  conftest.c >&5
configure:11604: $? = 0
configure:11604: result: yes
configure:11604: checking time.h presence
configure:11604: gcc -E  conftest.c
configure:11604: $? = 0
configure:11604: result: yes
configure:11604: checking for time.h
configure:11604: result: yes
configure:11604: checking errno.h usability
configure:11604: gcc -c -g -O2  conftest.c >&5
configure:11604: $? = 0
configure:11604: result: yes
configure:11604: checking errno.h presence
configure:11604: gcc -E  conftest.c
configure:11604: $? = 0
configure:11604: result: yes
configure:11604: checking for errno.h
configure:11604: result: yes
configure:11604: checking stdarg.h usability
configure:11604: gcc -c -g -O2  conftest.c >&5
configure:11604: $? = 0
configure:11604: result: yes
configure:11604: checking stdarg.h presence
configure:11604: gcc -E  conftest.c
configure:11604: $? = 0
configure:11604: result: yes
configure:11604: checking for stdarg.h
configure:11604: result: yes
configure:11604: checking limits.h usability
configure:11604: gcc -c -g -O2  conftest.c >&5
configure:11604: $? = 0
configure:11604: result: yes
configure:11604: checking limits.h presence
configure:11604: gcc -E  conftest.c
configure:11604: $? = 0
configure:11604: result: yes
configure:11604: checking for limits.h
configure:11604: result: yes
configure:11604: checking signal.h usability
configure:11604: gcc -c -g -O2  conftest.c >&5
configure:11604: $? = 0
configure:11604: result: yes
configure:11604: checking signal.h presence
configure:11604: gcc -E  conftest.c
configure:11604: $? = 0
configure:11604: result: yes
configure:11604: checking for signal.h
configure:11604: result: yes
configure:11604: checking for stdlib.h
configure:11604: result: yes
configure:11617: checking for inttypes.h
configure:11617: result: yes
configure:11617: checking math.h usability
configure:11617: gcc -c -g -O2  conftest.c >&5
configure:11617: $? = 0
configure:11617: result: yes
configure:11617: checking math.h presence
configure:11617: gcc -E  conftest.c
configure:11617: $? = 0
configure:11617: result: yes
configure:11617: checking for math.h
configure:11617: result: yes
configure:11627: checking for pthread_create in -lpthread
configure:11652: gcc -o conftest -g -O2   conftest.c -lpthread   >&5
configure:11652: $? = 0
configure:11661: result: yes
configure:11726: checking for pkg-config
configure:11744: found /usr/bin/pkg-config
configure:11756: result: /usr/bin/pkg-config
configure:11781: checking pkg-config is at least version 0.9.0
configure:11784: result: yes
configure:11794: checking for GLIB
configure:11801: $PKG_CONFIG --exists --print-errors "glib-2.0"
configure:11804: $? = 0
configure:11818: $PKG_CONFIG --exists --print-errors "glib-2.0"
configure:11821: $? = 0
configure:11879: result: yes
configure:11896: checking whether make supports nested variables
configure:11913: result: yes
configure:11931: checking for nasm
configure:11947: found /usr/bin/nasm
configure:11958: result: nasm
configure:11971: checking for object file format of host system
configure:12045: result: ELF64
configure:12053: checking for object file format specifier (NAFLAGS) 
configure:12068: result: -felf64 -DELF -D__x86_64__
configure:12072: checking whether the assembler (nasm -felf64 -DELF -D__x86_64__) works
configure:12083: nasm -felf64 -DELF -D__x86_64__ -o conftest.o conftest.asm
configure:12086: $? = 0
configure:12088: result: yes
configure:12099: checking whether the linker accepts assembler output
configure:12102: gcc -o conftest  conftest.o -lpthread  1>&5
configure:12105: $? = 0
configure:12108: result: yes
configure:12167: checking for gcc
configure:12194: result: gcc
configure:12423: checking for C compiler version
configure:12432: gcc --version >&5
gcc (GCC) 4.8.3 20140911 (Red Hat 4.8.3-7)
Copyright (C) 2013 Free Software Foundation, Inc.
This is free software; see the source for copying conditions.  There is NO
warranty; not even for MERCHANTABILITY or FITNESS FOR A PARTICULAR PURPOSE.

configure:12443: $? = 0
configure:12432: gcc -v >&5
Using built-in specs.
COLLECT_GCC=gcc
COLLECT_LTO_WRAPPER=/usr/libexec/gcc/x86_64-redhat-linux/4.8.3/lto-wrapper
Target: x86_64-redhat-linux
Configured with: ../configure --prefix=/usr --mandir=/usr/share/man --infodir=/usr/share/info --with-bugurl=http://bugzilla.redhat.com/bugzilla --enable-bootstrap --enable-shared --enable-threads=posix --enable-checking=release --with-system-zlib --enable-__cxa_atexit --disable-libunwind-exceptions --enable-gnu-unique-object --enable-linker-build-id --with-linker-hash-style=gnu --enable-languages=c,c++,objc,obj-c++,java,fortran,ada,go,lto --enable-plugin --enable-initfini-array --enable-java-awt=gtk --disable-dssi --with-java-home=/usr/lib/jvm/java-1.5.0-gcj-1.5.0.0/jre --enable-libgcj-multifile --enable-java-maintainer-mode --with-ecj-jar=/usr/share/java/eclipse-ecj.jar --disable-libjava-multilib --with-isl=/builddir/build/BUILD/gcc-4.8.3-20140911/obj-x86_64-redhat-linux/isl-install --with-cloog=/builddir/build/BUILD/gcc-4.8.3-20140911/obj-x86_64-redhat-linux/cloog-install --with-tune=generic --with-arch_32=i686 --build=x86_64-redhat-linux
Thread model: posix
gcc version 4.8.3 20140911 (Red Hat 4.8.3-7) (GCC) 
configure:12443: $? = 0
configure:12432: gcc -V >&5
gcc: error: unrecognized command line option '-V'
gcc: fatal error: no input files
compilation terminated.
configure:12443: $? = 4
configure:12432: gcc -qversion >&5
gcc: error: unrecognized command line option '-qversion'
gcc: fatal error: no input files
compilation terminated.
configure:12443: $? = 4
configure:12447: checking whether we are using the GNU C compiler
configure:12475: result: yes
configure:12484: checking whether gcc accepts -g
configure:12545: result: yes
configure:12562: checking for gcc option to accept ISO C89
configure:12638: result: none needed
configure:12663: checking whether gcc understands -c and -o together
configure:12700: result: yes
configure:12719: checking dependency style of gcc
configure:12830: result: gcc3
configure:12903: checking for g++
configure:12919: found /usr/bin/g++
configure:12930: result: g++
configure:12957: checking for C++ compiler version
configure:12966: g++ --version >&5
g++ (GCC) 4.8.3 20140911 (Red Hat 4.8.3-7)
Copyright (C) 2013 Free Software Foundation, Inc.
This is free software; see the source for copying conditions.  There is NO
warranty; not even for MERCHANTABILITY or FITNESS FOR A PARTICULAR PURPOSE.

configure:12977: $? = 0
configure:12966: g++ -v >&5
Using built-in specs.
COLLECT_GCC=g++
COLLECT_LTO_WRAPPER=/usr/libexec/gcc/x86_64-redhat-linux/4.8.3/lto-wrapper
Target: x86_64-redhat-linux
Configured with: ../configure --prefix=/usr --mandir=/usr/share/man --infodir=/usr/share/info --with-bugurl=http://bugzilla.redhat.com/bugzilla --enable-bootstrap --enable-shared --enable-threads=posix --enable-checking=release --with-system-zlib --enable-__cxa_atexit --disable-libunwind-exceptions --enable-gnu-unique-object --enable-linker-build-id --with-linker-hash-style=gnu --enable-languages=c,c++,objc,obj-c++,java,fortran,ada,go,lto --enable-plugin --enable-initfini-array --enable-java-awt=gtk --disable-dssi --with-java-home=/usr/lib/jvm/java-1.5.0-gcj-1.5.0.0/jre --enable-libgcj-multifile --enable-java-maintainer-mode --with-ecj-jar=/usr/share/java/eclipse-ecj.jar --disable-libjava-multilib --with-isl=/builddir/build/BUILD/gcc-4.8.3-20140911/obj-x86_64-redhat-linux/isl-install --with-cloog=/builddir/build/BUILD/gcc-4.8.3-20140911/obj-x86_64-redhat-linux/cloog-install --with-tune=generic --with-arch_32=i686 --build=x86_64-redhat-linux
Thread model: posix
gcc version 4.8.3 20140911 (Red Hat 4.8.3-7) (GCC) 
configure:12977: $? = 0
configure:12966: g++ -V >&5
g++: error: unrecognized command line option '-V'
g++: fatal error: no input files
compilation terminated.
configure:12977: $? = 4
configure:12966: g++ -qversion >&5
g++: error: unrecognized command line option '-qversion'
g++: fatal error: no input files
compilation terminated.
configure:12977: $? = 4
configure:12981: checking whether we are using the GNU C++ compiler
configure:13000: g++ -c   conftest.cpp >&5
configure:13000: $? = 0
configure:13009: result: yes
configure:13018: checking whether g++ accepts -g
configure:13038: g++ -c -g  conftest.cpp >&5
configure:13038: $? = 0
configure:13079: result: yes
configure:13104: checking dependency style of g++
configure:13215: result: gcc3
configure:13248: checking how to run the C++ preprocessor
configure:13275: g++ -E  conftest.cpp
configure:13275: $? = 0
configure:13289: g++ -E  conftest.cpp
conftest.cpp:37:28: fatal error: ac_nonexistent.h: No such file or directory
 #include <ac_nonexistent.h>
                            ^
compilation terminated.
configure:13289: $? = 1
configure: failed program was:
| /* confdefs.h */
| #define PACKAGE_NAME "INF2610-LAB2"
| #define PACKAGE_TARNAME "inf2610-lab2"
| #define PACKAGE_VERSION "1.4"
| #define PACKAGE_STRING "INF2610-LAB2 1.4"
| #define PACKAGE_BUGREPORT ""
| #define PACKAGE_URL ""
| #define PACKAGE "inf2610-lab2"
| #define VERSION "1.4"
| #define STDC_HEADERS 1
| #define HAVE_SYS_TYPES_H 1
| #define HAVE_SYS_STAT_H 1
| #define HAVE_STDLIB_H 1
| #define HAVE_STRING_H 1
| #define HAVE_MEMORY_H 1
| #define HAVE_STRINGS_H 1
| #define HAVE_INTTYPES_H 1
| #define HAVE_STDINT_H 1
| #define HAVE_UNISTD_H 1
| #define HAVE_DLFCN_H 1
| #define LT_OBJDIR ".libs/"
| #define HAVE_SYS_TYPES_H 1
| #define HAVE_UNISTD_H 1
| #define HAVE_FCNTL_H 1
| #define HAVE_STRINGS_H 1
| #define HAVE_PTHREAD_H 1
| #define HAVE_TIME_H 1
| #define HAVE_ERRNO_H 1
| #define HAVE_STDARG_H 1
| #define HAVE_LIMITS_H 1
| #define HAVE_SIGNAL_H 1
| #define HAVE_STDLIB_H 1
| #define HAVE_INTTYPES_H 1
| #define HAVE_MATH_H 1
| #define HAVE_LIBPTHREAD 1
| /* end confdefs.h.  */
| #include <ac_nonexistent.h>
configure:13314: result: g++ -E
configure:13334: g++ -E  conftest.cpp
configure:13334: $? = 0
configure:13348: g++ -E  conftest.cpp
conftest.cpp:37:28: fatal error: ac_nonexistent.h: No such file or directory
 #include <ac_nonexistent.h>
                            ^
compilation terminated.
configure:13348: $? = 1
configure: failed program was:
| /* confdefs.h */
| #define PACKAGE_NAME "INF2610-LAB2"
| #define PACKAGE_TARNAME "inf2610-lab2"
| #define PACKAGE_VERSION "1.4"
| #define PACKAGE_STRING "INF2610-LAB2 1.4"
| #define PACKAGE_BUGREPORT ""
| #define PACKAGE_URL ""
| #define PACKAGE "inf2610-lab2"
| #define VERSION "1.4"
| #define STDC_HEADERS 1
| #define HAVE_SYS_TYPES_H 1
| #define HAVE_SYS_STAT_H 1
| #define HAVE_STDLIB_H 1
| #define HAVE_STRING_H 1
| #define HAVE_MEMORY_H 1
| #define HAVE_STRINGS_H 1
| #define HAVE_INTTYPES_H 1
| #define HAVE_STDINT_H 1
| #define HAVE_UNISTD_H 1
| #define HAVE_DLFCN_H 1
| #define LT_OBJDIR ".libs/"
| #define HAVE_SYS_TYPES_H 1
| #define HAVE_UNISTD_H 1
| #define HAVE_FCNTL_H 1
| #define HAVE_STRINGS_H 1
| #define HAVE_PTHREAD_H 1
| #define HAVE_TIME_H 1
| #define HAVE_ERRNO_H 1
| #define HAVE_STDARG_H 1
| #define HAVE_LIMITS_H 1
| #define HAVE_SIGNAL_H 1
| #define HAVE_STDLIB_H 1
| #define HAVE_INTTYPES_H 1
| #define HAVE_MATH_H 1
| #define HAVE_LIBPTHREAD 1
| /* end confdefs.h.  */
| #include <ac_nonexistent.h>
configure:13517: checking for ld used by g++
configure:13584: result: /usr/bin/ld -m elf_x86_64
configure:13591: checking if the linker (/usr/bin/ld -m elf_x86_64) is GNU ld
configure:13606: result: yes
configure:13661: checking whether the g++ linker (/usr/bin/ld -m elf_x86_64) supports shared libraries
configure:14663: result: yes
configure:14699: g++ -c -g -O2  conftest.cpp >&5
configure:14702: $? = 0
configure:15222: checking for g++ option to produce PIC
configure:15229: result: -fPIC -DPIC
configure:15237: checking if g++ PIC flag -fPIC -DPIC works
configure:15255: g++ -c -g -O2  -fPIC -DPIC -DPIC conftest.cpp >&5
configure:15259: $? = 0
configure:15272: result: yes
configure:15295: checking if g++ static flag -static works
configure:15323: result: no
configure:15335: checking if g++ supports -c -o file.o
configure:15356: g++ -c -g -O2  -o out/conftest2.o conftest.cpp >&5
configure:15360: $? = 0
configure:15382: result: yes
configure:15387: checking if g++ supports -c -o file.o
configure:15434: result: yes
configure:15464: checking whether the g++ linker (/usr/bin/ld -m elf_x86_64) supports shared libraries
configure:15503: result: yes
configure:15644: checking dynamic linker characteristics
configure:16312: result: GNU/Linux ld.so
configure:16365: checking how to hardcode library paths into programs
configure:16390: result: immediate
configure:16474: checking for ranlib
configure:16501: result: ranlib
configure:16633: checking that generated files are newer than configure
configure:16639: result: done
configure:16670: creating ./config.status

## ---------------------- ##
## Running config.status. ##
## ---------------------- ##

This file was extended by INF2610-LAB2 config.status 1.4, which was
generated by GNU Autoconf 2.69.  Invocation command line was

  CONFIG_FILES    = 
  CONFIG_HEADERS  = 
  CONFIG_LINKS    = 
  CONFIG_COMMANDS = 
  $ ./config.status 

on l4712-05.info.polymtl.ca

config.status:1168: creating Makefile
config.status:1168: creating lexique/Makefile
config.status:1168: creating multilock/Makefile
config.status:1168: creating interblocage/Makefile
config.status:1168: creating tests/Makefile
config.status:1168: creating config.h
config.status:1349: config.h is unchanged
config.status:1397: executing depfiles commands
config.status:1397: executing libtool commands

## ---------------- ##
## Cache variables. ##
## ---------------- ##

ac_cv_build=x86_64-unknown-linux-gnu
ac_cv_c_compiler_gnu=yes
ac_cv_cxx_compiler_gnu=yes
ac_cv_env_CCC_set=
ac_cv_env_CCC_value=
ac_cv_env_CC_set=
ac_cv_env_CC_value=
ac_cv_env_CFLAGS_set=
ac_cv_env_CFLAGS_value=
ac_cv_env_CPPFLAGS_set=
ac_cv_env_CPPFLAGS_value=
ac_cv_env_CPP_set=
ac_cv_env_CPP_value=
ac_cv_env_CXXCPP_set=
ac_cv_env_CXXCPP_value=
ac_cv_env_CXXFLAGS_set=
ac_cv_env_CXXFLAGS_value=
ac_cv_env_CXX_set=
ac_cv_env_CXX_value=
ac_cv_env_GLIB_CFLAGS_set=
ac_cv_env_GLIB_CFLAGS_value=
ac_cv_env_GLIB_LIBS_set=
ac_cv_env_GLIB_LIBS_value=
ac_cv_env_LDFLAGS_set=
ac_cv_env_LDFLAGS_value=
ac_cv_env_LIBS_set=
ac_cv_env_LIBS_value=
ac_cv_env_PKG_CONFIG_LIBDIR_set=
ac_cv_env_PKG_CONFIG_LIBDIR_value=
ac_cv_env_PKG_CONFIG_PATH_set=
ac_cv_env_PKG_CONFIG_PATH_value=
ac_cv_env_PKG_CONFIG_set=
ac_cv_env_PKG_CONFIG_value=
ac_cv_env_build_alias_set=
ac_cv_env_build_alias_value=
ac_cv_env_host_alias_set=
ac_cv_env_host_alias_value=
ac_cv_env_target_alias_set=
ac_cv_env_target_alias_value=
ac_cv_header_dlfcn_h=yes
ac_cv_header_errno_h=yes
ac_cv_header_fcntl_h=yes
ac_cv_header_inttypes_h=yes
ac_cv_header_limits_h=yes
ac_cv_header_math_h=yes
ac_cv_header_memory_h=yes
ac_cv_header_pthread_h=yes
ac_cv_header_signal_h=yes
ac_cv_header_stdarg_h=yes
ac_cv_header_stdc=yes
ac_cv_header_stdint_h=yes
ac_cv_header_stdlib_h=yes
ac_cv_header_string_h=yes
ac_cv_header_strings_h=yes
ac_cv_header_sys_stat_h=yes
ac_cv_header_sys_types_h=yes
ac_cv_header_time_h=yes
ac_cv_header_unistd_h=yes
ac_cv_host=x86_64-unknown-linux-gnu
ac_cv_lib_pthread_pthread_create=yes
ac_cv_objext=o
ac_cv_path_EGREP='/usr/bin/grep -E'
ac_cv_path_FGREP='/usr/bin/grep -F'
ac_cv_path_GREP=/usr/bin/grep
ac_cv_path_SED=/usr/bin/sed
ac_cv_path_ac_pt_PKG_CONFIG=/usr/bin/pkg-config
ac_cv_path_install='/usr/bin/install -c'
ac_cv_path_mkdir=/usr/bin/mkdir
ac_cv_prog_AWK=gawk
ac_cv_prog_CPP='gcc -E'
ac_cv_prog_CXXCPP='g++ -E'
ac_cv_prog_NASM=nasm
ac_cv_prog_ac_ct_AR=ar
ac_cv_prog_ac_ct_CC=gcc
ac_cv_prog_ac_ct_CXX=g++
ac_cv_prog_ac_ct_OBJDUMP=objdump
ac_cv_prog_ac_ct_RANLIB=ranlib
ac_cv_prog_ac_ct_STRIP=strip
ac_cv_prog_cc_c89=
ac_cv_prog_cc_g=yes
ac_cv_prog_cxx_g=yes
ac_cv_prog_make_make_set=yes
am_cv_CC_dependencies_compiler_type=gcc3
am_cv_CXX_dependencies_compiler_type=gcc3
am_cv_make_support_nested_variables=yes
am_cv_prog_cc_c_o=yes
lt_cv_ar_at_file=@
lt_cv_archive_cmds_need_lc=no
lt_cv_deplibs_check_method=pass_all
lt_cv_file_magic_cmd='$MAGIC_CMD'
lt_cv_file_magic_test_file=
lt_cv_ld_reload_flag=-r
lt_cv_nm_interface='BSD nm'
lt_cv_objdir=.libs
lt_cv_path_LD=/usr/bin/ld
lt_cv_path_LDCXX='/usr/bin/ld -m elf_x86_64'
lt_cv_path_NM='/usr/bin/nm -B'
lt_cv_path_mainfest_tool=no
lt_cv_prog_compiler_c_o=yes
lt_cv_prog_compiler_c_o_CXX=yes
lt_cv_prog_compiler_pic='-fPIC -DPIC'
lt_cv_prog_compiler_pic_CXX='-fPIC -DPIC'
lt_cv_prog_compiler_pic_works=yes
lt_cv_prog_compiler_pic_works_CXX=yes
lt_cv_prog_compiler_rtti_exceptions=no
lt_cv_prog_compiler_static_works=no
lt_cv_prog_compiler_static_works_CXX=no
lt_cv_prog_gnu_ld=yes
lt_cv_prog_gnu_ldcxx=yes
lt_cv_sharedlib_from_linklib_cmd='printf %s\n'
lt_cv_shlibpath_overrides_runpath=no
lt_cv_sys_global_symbol_pipe='sed -n -e '\''s/^.*[	 ]\([ABCDGIRSTW][ABCDGIRSTW]*\)[	 ][	 ]*\([_A-Za-z][_A-Za-z0-9]*\)$/\1 \2 \2/p'\'' | sed '\''/ __gnu_lto/d'\'''
lt_cv_sys_global_symbol_to_c_name_address='sed -n -e '\''s/^: \([^ ]*\)[ ]*$/  {\"\1\", (void *) 0},/p'\'' -e '\''s/^[ABCDGIRSTW]* \([^ ]*\) \([^ ]*\)$/  {"\2", (void *) \&\2},/p'\'''
lt_cv_sys_global_symbol_to_c_name_address_lib_prefix='sed -n -e '\''s/^: \([^ ]*\)[ ]*$/  {\"\1\", (void *) 0},/p'\'' -e '\''s/^[ABCDGIRSTW]* \([^ ]*\) \(lib[^ ]*\)$/  {"\2", (void *) \&\2},/p'\'' -e '\''s/^[ABCDGIRSTW]* \([^ ]*\) \([^ ]*\)$/  {"lib\2", (void *) \&\2},/p'\'''
lt_cv_sys_global_symbol_to_cdecl='sed -n -e '\''s/^T .* \(.*\)$/extern int \1();/p'\'' -e '\''s/^[ABCDGIRSTW]* .* \(.*\)$/extern char \1;/p'\'''
lt_cv_sys_max_cmd_len=1572864
lt_cv_to_host_file_cmd=func_convert_file_noop
lt_cv_to_tool_file_cmd=func_convert_file_noop
pkg_cv_GLIB_CFLAGS='-I/usr/include/glib-2.0 -I/usr/lib64/glib-2.0/include '
pkg_cv_GLIB_LIBS='-lglib-2.0 '

## ----------------- ##
## Output variables. ##
## ----------------- ##

ACLOCAL='${SHELL} /usagers/felara/Bureau/inf2610-lab2-1.5/missing aclocal-1.14'
AMDEPBACKSLASH='\'
AMDEP_FALSE='#'
AMDEP_TRUE=''
AMTAR='$${TAR-tar}'
AM_BACKSLASH='\'
AM_DEFAULT_V='$(AM_DEFAULT_VERBOSITY)'
AM_DEFAULT_VERBOSITY='0'
AM_V='$(V)'
AR='ar'
AUTOCONF='${SHELL} /usagers/felara/Bureau/inf2610-lab2-1.5/missing autoconf'
AUTOHEADER='${SHELL} /usagers/felara/Bureau/inf2610-lab2-1.5/missing autoheader'
AUTOMAKE='${SHELL} /usagers/felara/Bureau/inf2610-lab2-1.5/missing automake-1.14'
AWK='gawk'
CC='gcc'
CCDEPMODE='depmode=gcc3'
CFLAGS='-g -O2'
CPP='gcc -E'
CPPFLAGS=''
CXX='g++'
CXXCPP='g++ -E'
CXXDEPMODE='depmode=gcc3'
CXXFLAGS='-g -O2'
CYGPATH_W='echo'
DEFS='-DHAVE_CONFIG_H'
DEPDIR='.deps'
DLLTOOL='false'
DSYMUTIL=''
DUMPBIN=''
ECHO_C=''
ECHO_N='-n'
ECHO_T=''
EGREP='/usr/bin/grep -E'
EXEEXT=''
FGREP='/usr/bin/grep -F'
GLIB_CFLAGS='-I/usr/include/glib-2.0 -I/usr/lib64/glib-2.0/include '
GLIB_LIBS='-lglib-2.0 '
GREP='/usr/bin/grep'
INSTALL_DATA='${INSTALL} -m 644'
INSTALL_PROGRAM='${INSTALL}'
INSTALL_SCRIPT='${INSTALL}'
INSTALL_STRIP_PROGRAM='$(install_sh) -c -s'
LD='/usr/bin/ld -m elf_x86_64'
LDFLAGS=''
LIBOBJS=''
LIBS='-lpthread '
LIBTOOL='$(SHELL) $(top_builddir)/libtool'
LIPO=''
LN_S='ln -s'
LTLIBOBJS=''
MAKEINFO='${SHELL} /usagers/felara/Bureau/inf2610-lab2-1.5/missing makeinfo'
MANIFEST_TOOL=':'
MKDIR_P='/usr/bin/mkdir -p'
NAFLAGS='-felf64 -DELF -D__x86_64__'
NASM='nasm'
NM='/usr/bin/nm -B'
NMEDIT=''
OBJDUMP='objdump'
OBJEXT='o'
OTOOL64=''
OTOOL=''
PACKAGE='inf2610-lab2'
PACKAGE_BUGREPORT=''
PACKAGE_NAME='INF2610-LAB2'
PACKAGE_STRING='INF2610-LAB2 1.4'
PACKAGE_TARNAME='inf2610-lab2'
PACKAGE_URL=''
PACKAGE_VERSION='1.4'
PATH_SEPARATOR=':'
PKG_CONFIG='/usr/bin/pkg-config'
PKG_CONFIG_LIBDIR=''
PKG_CONFIG_PATH=''
RANLIB='ranlib'
SED='/usr/bin/sed'
SET_MAKE=''
SHELL='/bin/sh'
STRIP='strip'
VERSION='1.4'
ac_ct_AR='ar'
ac_ct_CC='gcc'
ac_ct_CXX='g++'
ac_ct_DUMPBIN=''
am__EXEEXT_FALSE=''
am__EXEEXT_TRUE='#'
am__fastdepCC_FALSE='#'
am__fastdepCC_TRUE=''
am__fastdepCXX_FALSE='#'
am__fastdepCXX_TRUE=''
am__include='include'
am__isrc=''
am__leading_dot='.'
am__nodep='_no'
am__quote=''
am__tar='$${TAR-tar} chof - "$$tardir"'
am__untar='$${TAR-tar} xf -'
bindir='${exec_prefix}/bin'
build='x86_64-unknown-linux-gnu'
build_alias=''
build_cpu='x86_64'
build_os='linux-gnu'
build_vendor='unknown'
datadir='${datarootdir}'
datarootdir='${prefix}/share'
docdir='${datarootdir}/doc/${PACKAGE_TARNAME}'
dvidir='${docdir}'
exec_prefix='${prefix}'
host='x86_64-unknown-linux-gnu'
host_alias=''
host_cpu='x86_64'
host_os='linux-gnu'
host_vendor='unknown'
htmldir='${docdir}'
includedir='${prefix}/include'
infodir='${datarootdir}/info'
install_sh='${SHELL} /usagers/felara/Bureau/inf2610-lab2-1.5/install-sh'
libdir='${exec_prefix}/lib'
libexecdir='${exec_prefix}/libexec'
localedir='${datarootdir}/locale'
localstatedir='${prefix}/var'
mandir='${datarootdir}/man'
mkdir_p='$(MKDIR_P)'
oldincludedir='/usr/include'
pdfdir='${docdir}'
prefix='/usr/local'
program_transform_name='s,x,x,'
psdir='${docdir}'
sbindir='${exec_prefix}/sbin'
sharedstatedir='${prefix}/com'
sysconfdir='${prefix}/etc'
target_alias=''

## ----------- ##
## confdefs.h. ##
## ----------- ##

/* confdefs.h */
#define PACKAGE_NAME "INF2610-LAB2"
#define PACKAGE_TARNAME "inf2610-lab2"
#define PACKAGE_VERSION "1.4"
#define PACKAGE_STRING "INF2610-LAB2 1.4"
#define PACKAGE_BUGREPORT ""
#define PACKAGE_URL ""
#define PACKAGE "inf2610-lab2"
#define VERSION "1.4"
#define STDC_HEADERS 1
#define HAVE_SYS_TYPES_H 1
#define HAVE_SYS_STAT_H 1
#define HAVE_STDLIB_H 1
#define HAVE_STRING_H 1
#define HAVE_MEMORY_H 1
#define HAVE_STRINGS_H 1
#define HAVE_INTTYPES_H 1
#define HAVE_STDINT_H 1
#define HAVE_UNISTD_H 1
#define HAVE_DLFCN_H 1
#define LT_OBJDIR ".libs/"
#define HAVE_SYS_TYPES_H 1
#define HAVE_UNISTD_H 1
#define HAVE_FCNTL_H 1
#define HAVE_STRINGS_H 1
#define HAVE_PTHREAD_H 1
#define HAVE_TIME_H 1
#define HAVE_ERRNO_H 1
#define HAVE_STDARG_H 1
#define HAVE_LIMITS_H 1
#define HAVE_SIGNAL_H 1
#define HAVE_STDLIB_H 1
#define HAVE_INTTYPES_H 1
#define HAVE_MATH_H 1
#define HAVE_LIBPTHREAD 1

configure: exit 0
