This file contains any messages produced by compilers while
running configure, to aid debugging if configure makes a mistake.

It was created by INF2610-LAB1 configure 2.1, which was
generated by GNU Autoconf 2.69.  Invocation command line was

  $ ./configure 

## --------- ##
## Platform. ##
## --------- ##

hostname = l4712-06.info.polymtl.ca
uname -m = x86_64
uname -r = 3.17.4-200.fc20.x86_64
uname -s = Linux
uname -v = #1 SMP Fri Nov 21 23:26:41 UTC 2014

/usr/bin/uname -p = x86_64
/bin/uname -X     = unknown

/bin/arch              = x86_64
/usr/bin/arch -k       = unknown
/usr/convex/getsysinfo = unknown
/usr/bin/hostinfo      = unknown
/bin/machine           = unknown
/usr/bin/oslevel       = unknown
/bin/universe          = unknown

PATH: /usr/lib64/qt-3.3/bin
PATH: /usr/lib64/mpich/bin
PATH: /usr/local/bin
PATH: /usr/bin
PATH: /bin
PATH: /usr/games
PATH: /usr/local/sbin
PATH: /usr/sbin
PATH: /usr/local/cuda/bin
PATH: /opt/MATLAB/R2014a/bin
PATH: /opt/pycharm-edu-1.0/bin
PATH: /usr/local/pmccabe/usr/bin
PATH: /usr/local/CPNTools/bin
PATH: /usr/local/openclcc/bin
PATH: /usr/local/cours/inf1995/bin
PATH: /usr/local/cours/INF6410/bin
PATH: /usr/local/cours/inf6802/bin
PATH: /usr/local/cours/JohnMullins/bin
PATH: /usr/local/cours/LOG4420/bin
PATH: /opt/hadoop/bin
PATH: /opt/hadoop/sbin
PATH: /usr/local/cours/INF2610/workload-kit-0.1.16/bin
PATH: /usr/local/cours/INF2610/lttv/bin
PATH: /usr/local/cours/INF2610/traceviewer
PATH: /usr/local/cours/INF2610/trace-compass
PATH: /usr/local/cours/INF6101/minizinc-2.0.1/bin
PATH: /usr/local/cours/INF6603/CPAchecker-1.3.4-unix/scripts
PATH: /usr/local/cours/INF6603/llbmc-2013.1-Linux_64/bin


## ----------- ##
## Core tests. ##
## ----------- ##

configure:2407: checking for a BSD-compatible install
configure:2475: result: /usr/bin/install -c
configure:2486: checking whether build environment is sane
configure:2541: result: yes
configure:2692: checking for a thread-safe mkdir -p
configure:2731: result: /usr/bin/mkdir -p
configure:2738: checking for gawk
configure:2754: found /usr/bin/gawk
configure:2765: result: gawk
configure:2776: checking whether make sets $(MAKE)
configure:2798: result: yes
configure:2827: checking whether make supports nested variables
configure:2844: result: yes
configure:2999: checking build system type
configure:3013: result: x86_64-unknown-linux-gnu
configure:3033: checking host system type
configure:3046: result: x86_64-unknown-linux-gnu
configure:3087: checking how to print strings
configure:3114: result: printf
configure:3147: checking for style of include used by make
configure:3175: result: GNU
configure:3246: checking for gcc
configure:3262: found /usr/bin/gcc
configure:3273: result: gcc
configure:3502: checking for C compiler version
configure:3511: gcc --version >&5
gcc (GCC) 4.8.3 20140911 (Red Hat 4.8.3-7)
Copyright (C) 2013 Free Software Foundation, Inc.
This is free software; see the source for copying conditions.  There is NO
warranty; not even for MERCHANTABILITY or FITNESS FOR A PARTICULAR PURPOSE.

configure:3522: $? = 0
configure:3511: gcc -v >&5
Using built-in specs.
COLLECT_GCC=gcc
COLLECT_LTO_WRAPPER=/usr/libexec/gcc/x86_64-redhat-linux/4.8.3/lto-wrapper
Target: x86_64-redhat-linux
Configured with: ../configure --prefix=/usr --mandir=/usr/share/man --infodir=/usr/share/info --with-bugurl=http://bugzilla.redhat.com/bugzilla --enable-bootstrap --enable-shared --enable-threads=posix --enable-checking=release --with-system-zlib --enable-__cxa_atexit --disable-libunwind-exceptions --enable-gnu-unique-object --enable-linker-build-id --with-linker-hash-style=gnu --enable-languages=c,c++,objc,obj-c++,java,fortran,ada,go,lto --enable-plugin --enable-initfini-array --enable-java-awt=gtk --disable-dssi --with-java-home=/usr/lib/jvm/java-1.5.0-gcj-1.5.0.0/jre --enable-libgcj-multifile --enable-java-maintainer-mode --with-ecj-jar=/usr/share/java/eclipse-ecj.jar --disable-libjava-multilib --with-isl=/builddir/build/BUILD/gcc-4.8.3-20140911/obj-x86_64-redhat-linux/isl-install --with-cloog=/builddir/build/BUILD/gcc-4.8.3-20140911/obj-x86_64-redhat-linux/cloog-install --with-tune=generic --with-arch_32=i686 --build=x86_64-redhat-linux
Thread model: posix
gcc version 4.8.3 20140911 (Red Hat 4.8.3-7) (GCC) 
configure:3522: $? = 0
configure:3511: gcc -V >&5
gcc: error: unrecognized command line option '-V'
gcc: fatal error: no input files
compilation terminated.
configure:3522: $? = 4
configure:3511: gcc -qversion >&5
gcc: error: unrecognized command line option '-qversion'
gcc: fatal error: no input files
compilation terminated.
configure:3522: $? = 4
configure:3542: checking whether the C compiler works
configure:3564: gcc    conftest.c  >&5
configure:3568: $? = 0
configure:3616: result: yes
configure:3619: checking for C compiler default output file name
configure:3621: result: a.out
configure:3627: checking for suffix of executables
configure:3634: gcc -o conftest    conftest.c  >&5
configure:3638: $? = 0
configure:3660: result: 
configure:3682: checking whether we are cross compiling
configure:3690: gcc -o conftest    conftest.c  >&5
configure:3694: $? = 0
configure:3701: ./conftest
configure:3705: $? = 0
configure:3720: result: no
configure:3725: checking for suffix of object files
configure:3747: gcc -c   conftest.c >&5
configure:3751: $? = 0
configure:3772: result: o
configure:3776: checking whether we are using the GNU C compiler
configure:3795: gcc -c   conftest.c >&5
configure:3795: $? = 0
configure:3804: result: yes
configure:3813: checking whether gcc accepts -g
configure:3833: gcc -c -g  conftest.c >&5
configure:3833: $? = 0
configure:3874: result: yes
configure:3891: checking for gcc option to accept ISO C89
configure:3954: gcc  -c -g -O2  conftest.c >&5
configure:3954: $? = 0
configure:3967: result: none needed
configure:3992: checking whether gcc understands -c and -o together
configure:4014: gcc -c conftest.c -o conftest2.o
configure:4017: $? = 0
configure:4014: gcc -c conftest.c -o conftest2.o
configure:4017: $? = 0
configure:4029: result: yes
configure:4048: checking dependency style of gcc
configure:4159: result: gcc3
configure:4174: checking for a sed that does not truncate output
configure:4238: result: /usr/bin/sed
configure:4256: checking for grep that handles long lines and -e
configure:4314: result: /usr/bin/grep
configure:4319: checking for egrep
configure:4381: result: /usr/bin/grep -E
configure:4386: checking for fgrep
configure:4448: result: /usr/bin/grep -F
configure:4483: checking for ld used by gcc
configure:4550: result: /usr/bin/ld
configure:4557: checking if the linker (/usr/bin/ld) is GNU ld
configure:4572: result: yes
configure:4584: checking for BSD- or MS-compatible name lister (nm)
configure:4633: result: /usr/bin/nm -B
configure:4763: checking the name lister (/usr/bin/nm -B) interface
configure:4770: gcc -c -g -O2  conftest.c >&5
configure:4773: /usr/bin/nm -B "conftest.o"
configure:4776: output
0000000000000000 B some_variable
configure:4783: result: BSD nm
configure:4786: checking whether ln -s works
configure:4790: result: yes
configure:4798: checking the maximum length of command line arguments
configure:4929: result: 1572864
configure:4946: checking whether the shell understands some XSI constructs
configure:4956: result: yes
configure:4960: checking whether the shell understands "+="
configure:4966: result: yes
configure:5001: checking how to convert x86_64-unknown-linux-gnu file names to x86_64-unknown-linux-gnu format
configure:5041: result: func_convert_file_noop
configure:5048: checking how to convert x86_64-unknown-linux-gnu file names to toolchain format
configure:5068: result: func_convert_file_noop
configure:5075: checking for /usr/bin/ld option to reload object files
configure:5082: result: -r
configure:5156: checking for objdump
configure:5172: found /usr/bin/objdump
configure:5183: result: objdump
configure:5215: checking how to recognize dependent libraries
configure:5413: result: pass_all
configure:5498: checking for dlltool
configure:5528: result: no
configure:5558: checking how to associate runtime and link libraries
configure:5585: result: printf %s\n
configure:5646: checking for ar
configure:5662: found /usr/bin/ar
configure:5673: result: ar
configure:5710: checking for archiver @FILE support
configure:5727: gcc -c -g -O2  conftest.c >&5
configure:5727: $? = 0
configure:5730: ar cru libconftest.a @conftest.lst >&5
configure:5733: $? = 0
configure:5738: ar cru libconftest.a @conftest.lst >&5
ar: conftest.o: No such file or directory
configure:5741: $? = 1
configure:5753: result: @
configure:5811: checking for strip
configure:5827: found /usr/bin/strip
configure:5838: result: strip
configure:5910: checking for ranlib
configure:5926: found /usr/bin/ranlib
configure:5937: result: ranlib
configure:6039: checking command to parse /usr/bin/nm -B output from gcc object
configure:6159: gcc -c -g -O2  conftest.c >&5
configure:6162: $? = 0
configure:6166: /usr/bin/nm -B conftest.o \| sed -n -e 's/^.*[ ]\([ABCDGIRSTW][ABCDGIRSTW]*\)[ ][ ]*\([_A-Za-z][_A-Za-z0-9]*\)$/\1 \2 \2/p' | sed '/ __gnu_lto/d' \> conftest.nm
configure:6169: $? = 0
configure:6235: gcc -o conftest -g -O2   conftest.c conftstm.o >&5
configure:6238: $? = 0
configure:6276: result: ok
configure:6313: checking for sysroot
configure:6343: result: no
configure:6420: gcc -c -g -O2  conftest.c >&5
configure:6423: $? = 0
configure:6612: checking for mt
configure:6642: result: no
configure:6662: checking if : is a manifest tool
configure:6668: : '-?'
configure:6676: result: no
configure:7318: checking how to run the C preprocessor
configure:7349: gcc -E  conftest.c
configure:7349: $? = 0
configure:7363: gcc -E  conftest.c
conftest.c:11:28: fatal error: ac_nonexistent.h: No such file or directory
 #include <ac_nonexistent.h>
                            ^
compilation terminated.
configure:7363: $? = 1
configure: failed program was:
| /* confdefs.h */
| #define PACKAGE_NAME "INF2610-LAB1"
| #define PACKAGE_TARNAME "inf2610-lab1"
| #define PACKAGE_VERSION "2.1"
| #define PACKAGE_STRING "INF2610-LAB1 2.1"
| #define PACKAGE_BUGREPORT ""
| #define PACKAGE_URL ""
| #define PACKAGE "inf2610-lab1"
| #define VERSION "2.1"
| /* end confdefs.h.  */
| #include <ac_nonexistent.h>
configure:7388: result: gcc -E
configure:7408: gcc -E  conftest.c
configure:7408: $? = 0
configure:7422: gcc -E  conftest.c
conftest.c:11:28: fatal error: ac_nonexistent.h: No such file or directory
 #include <ac_nonexistent.h>
                            ^
compilation terminated.
configure:7422: $? = 1
configure: failed program was:
| /* confdefs.h */
| #define PACKAGE_NAME "INF2610-LAB1"
| #define PACKAGE_TARNAME "inf2610-lab1"
| #define PACKAGE_VERSION "2.1"
| #define PACKAGE_STRING "INF2610-LAB1 2.1"
| #define PACKAGE_BUGREPORT ""
| #define PACKAGE_URL ""
| #define PACKAGE "inf2610-lab1"
| #define VERSION "2.1"
| /* end confdefs.h.  */
| #include <ac_nonexistent.h>
configure:7451: checking for ANSI C header files
configure:7471: gcc -c -g -O2  conftest.c >&5
configure:7471: $? = 0
configure:7544: gcc -o conftest -g -O2   conftest.c  >&5
configure:7544: $? = 0
configure:7544: ./conftest
configure:7544: $? = 0
configure:7555: result: yes
configure:7568: checking for sys/types.h
configure:7568: gcc -c -g -O2  conftest.c >&5
configure:7568: $? = 0
configure:7568: result: yes
configure:7568: checking for sys/stat.h
configure:7568: gcc -c -g -O2  conftest.c >&5
configure:7568: $? = 0
configure:7568: result: yes
configure:7568: checking for stdlib.h
configure:7568: gcc -c -g -O2  conftest.c >&5
configure:7568: $? = 0
configure:7568: result: yes
configure:7568: checking for string.h
configure:7568: gcc -c -g -O2  conftest.c >&5
configure:7568: $? = 0
configure:7568: result: yes
configure:7568: checking for memory.h
configure:7568: gcc -c -g -O2  conftest.c >&5
configure:7568: $? = 0
configure:7568: result: yes
configure:7568: checking for strings.h
configure:7568: gcc -c -g -O2  conftest.c >&5
configure:7568: $? = 0
configure:7568: result: yes
configure:7568: checking for inttypes.h
configure:7568: gcc -c -g -O2  conftest.c >&5
configure:7568: $? = 0
configure:7568: result: yes
configure:7568: checking for stdint.h
configure:7568: gcc -c -g -O2  conftest.c >&5
configure:7568: $? = 0
configure:7568: result: yes
configure:7568: checking for unistd.h
configure:7568: gcc -c -g -O2  conftest.c >&5
configure:7568: $? = 0
configure:7568: result: yes
configure:7582: checking for dlfcn.h
configure:7582: gcc -c -g -O2  conftest.c >&5
configure:7582: $? = 0
configure:7582: result: yes
configure:7788: checking for objdir
configure:7803: result: .libs
configure:8074: checking if gcc supports -fno-rtti -fno-exceptions
configure:8092: gcc -c -g -O2  -fno-rtti -fno-exceptions conftest.c >&5
cc1: warning: command line option '-fno-rtti' is valid for C++/ObjC++ but not for C [enabled by default]
configure:8096: $? = 0
configure:8109: result: no
configure:8436: checking for gcc option to produce PIC
configure:8443: result: -fPIC -DPIC
configure:8451: checking if gcc PIC flag -fPIC -DPIC works
configure:8469: gcc -c -g -O2  -fPIC -DPIC -DPIC conftest.c >&5
configure:8473: $? = 0
configure:8486: result: yes
configure:8515: checking if gcc static flag -static works
configure:8543: result: no
configure:8558: checking if gcc supports -c -o file.o
configure:8579: gcc -c -g -O2  -o out/conftest2.o conftest.c >&5
configure:8583: $? = 0
configure:8605: result: yes
configure:8613: checking if gcc supports -c -o file.o
configure:8660: result: yes
configure:8693: checking whether the gcc linker (/usr/bin/ld -m elf_x86_64) supports shared libraries
configure:9850: result: yes
configure:9887: checking whether -lc should be explicitly linked in
configure:9895: gcc -c -g -O2  conftest.c >&5
configure:9898: $? = 0
configure:9913: gcc -shared  -fPIC -DPIC conftest.o  -v -Wl,-soname -Wl,conftest -o conftest 2\>\&1 \| /usr/bin/grep  -lc  \>/dev/null 2\>\&1
configure:9916: $? = 0
configure:9930: result: no
configure:10090: checking dynamic linker characteristics
configure:10590: gcc -o conftest -g -O2   -Wl,-rpath -Wl,/foo conftest.c  >&5
configure:10590: $? = 0
configure:10824: result: GNU/Linux ld.so
configure:10931: checking how to hardcode library paths into programs
configure:10956: result: immediate
configure:11496: checking whether stripping libraries is possible
configure:11501: result: yes
configure:11536: checking if libtool supports shared libraries
configure:11538: result: yes
configure:11541: checking whether to build shared libraries
configure:11562: result: yes
configure:11565: checking whether to build static libraries
configure:11569: result: yes
configure:11610: checking for sys/types.h
configure:11610: result: yes
configure:11610: checking for unistd.h
configure:11610: result: yes
configure:11610: checking fcntl.h usability
configure:11610: gcc -c -g -O2  conftest.c >&5
configure:11610: $? = 0
configure:11610: result: yes
configure:11610: checking fcntl.h presence
configure:11610: gcc -E  conftest.c
configure:11610: $? = 0
configure:11610: result: yes
configure:11610: checking for fcntl.h
configure:11610: result: yes
configure:11610: checking for strings.h
configure:11610: result: yes
configure:11610: checking pthread.h usability
configure:11610: gcc -c -g -O2  conftest.c >&5
configure:11610: $? = 0
configure:11610: result: yes
configure:11610: checking pthread.h presence
configure:11610: gcc -E  conftest.c
configure:11610: $? = 0
configure:11610: result: yes
configure:11610: checking for pthread.h
configure:11610: result: yes
configure:11610: checking time.h usability
configure:11610: gcc -c -g -O2  conftest.c >&5
configure:11610: $? = 0
configure:11610: result: yes
configure:11610: checking time.h presence
configure:11610: gcc -E  conftest.c
configure:11610: $? = 0
configure:11610: result: yes
configure:11610: checking for time.h
configure:11610: result: yes
configure:11610: checking errno.h usability
configure:11610: gcc -c -g -O2  conftest.c >&5
configure:11610: $? = 0
configure:11610: result: yes
configure:11610: checking errno.h presence
configure:11610: gcc -E  conftest.c
configure:11610: $? = 0
configure:11610: result: yes
configure:11610: checking for errno.h
configure:11610: result: yes
configure:11610: checking stdarg.h usability
configure:11610: gcc -c -g -O2  conftest.c >&5
configure:11610: $? = 0
configure:11610: result: yes
configure:11610: checking stdarg.h presence
configure:11610: gcc -E  conftest.c
configure:11610: $? = 0
configure:11610: result: yes
configure:11610: checking for stdarg.h
configure:11610: result: yes
configure:11610: checking limits.h usability
configure:11610: gcc -c -g -O2  conftest.c >&5
configure:11610: $? = 0
configure:11610: result: yes
configure:11610: checking limits.h presence
configure:11610: gcc -E  conftest.c
configure:11610: $? = 0
configure:11610: result: yes
configure:11610: checking for limits.h
configure:11610: result: yes
configure:11610: checking signal.h usability
configure:11610: gcc -c -g -O2  conftest.c >&5
configure:11610: $? = 0
configure:11610: result: yes
configure:11610: checking signal.h presence
configure:11610: gcc -E  conftest.c
configure:11610: $? = 0
configure:11610: result: yes
configure:11610: checking for signal.h
configure:11610: result: yes
configure:11610: checking for stdlib.h
configure:11610: result: yes
configure:11623: checking for inttypes.h
configure:11623: result: yes
configure:11623: checking math.h usability
configure:11623: gcc -c -g -O2  conftest.c >&5
configure:11623: $? = 0
configure:11623: result: yes
configure:11623: checking math.h presence
configure:11623: gcc -E  conftest.c
configure:11623: $? = 0
configure:11623: result: yes
configure:11623: checking for math.h
configure:11623: result: yes
configure:11633: checking for pthread_create in -lpthread
configure:11658: gcc -o conftest -g -O2   conftest.c -lpthread   >&5
configure:11658: $? = 0
configure:11667: result: yes
configure:11686: checking for GNU Pth
configure:11982: gcc -E   conftest.c
configure:11982: $? = 0
configure:12039: gcc -o conftest -g -O2      conftest.c -lpthread  -lpth -ldl -lnsl >&5
conftest.c: In function 'main':
conftest.c:47:17: warning: incompatible implicit declaration of built-in function 'exit' [enabled by default]
                 exit(1);
                 ^
configure:12039: $? = 0
configure:12095: gcc -o conftest -g -O2      conftest.c -lpthread  -lpth -ldl -lnsl >&5
conftest.c: In function 'main':
conftest.c:43:17: warning: incompatible implicit declaration of built-in function 'exit' [enabled by default]
                 exit(1);
                 ^
configure:12095: $? = 0
configure:12095: ./conftest
configure:12095: $? = 0
configure:12205: result: version 2.0.7, installed under /usr
configure:12268: checking for pkg-config
configure:12286: found /usr/bin/pkg-config
configure:12298: result: /usr/bin/pkg-config
configure:12323: checking pkg-config is at least version 0.9.0
configure:12326: result: yes
configure:12336: checking for GLIB
configure:12343: $PKG_CONFIG --exists --print-errors "glib-2.0"
configure:12346: $? = 0
configure:12360: $PKG_CONFIG --exists --print-errors "glib-2.0"
configure:12363: $? = 0
configure:12421: result: yes
configure:12438: checking whether make supports nested variables
configure:12455: result: yes
configure:12518: checking for gcc
configure:12545: result: gcc
configure:12774: checking for C compiler version
configure:12783: gcc --version >&5
gcc (GCC) 4.8.3 20140911 (Red Hat 4.8.3-7)
Copyright (C) 2013 Free Software Foundation, Inc.
This is free software; see the source for copying conditions.  There is NO
warranty; not even for MERCHANTABILITY or FITNESS FOR A PARTICULAR PURPOSE.

configure:12794: $? = 0
configure:12783: gcc -v >&5
Using built-in specs.
COLLECT_GCC=gcc
COLLECT_LTO_WRAPPER=/usr/libexec/gcc/x86_64-redhat-linux/4.8.3/lto-wrapper
Target: x86_64-redhat-linux
Configured with: ../configure --prefix=/usr --mandir=/usr/share/man --infodir=/usr/share/info --with-bugurl=http://bugzilla.redhat.com/bugzilla --enable-bootstrap --enable-shared --enable-threads=posix --enable-checking=release --with-system-zlib --enable-__cxa_atexit --disable-libunwind-exceptions --enable-gnu-unique-object --enable-linker-build-id --with-linker-hash-style=gnu --enable-languages=c,c++,objc,obj-c++,java,fortran,ada,go,lto --enable-plugin --enable-initfini-array --enable-java-awt=gtk --disable-dssi --with-java-home=/usr/lib/jvm/java-1.5.0-gcj-1.5.0.0/jre --enable-libgcj-multifile --enable-java-maintainer-mode --with-ecj-jar=/usr/share/java/eclipse-ecj.jar --disable-libjava-multilib --with-isl=/builddir/build/BUILD/gcc-4.8.3-20140911/obj-x86_64-redhat-linux/isl-install --with-cloog=/builddir/build/BUILD/gcc-4.8.3-20140911/obj-x86_64-redhat-linux/cloog-install --with-tune=generic --with-arch_32=i686 --build=x86_64-redhat-linux
Thread model: posix
gcc version 4.8.3 20140911 (Red Hat 4.8.3-7) (GCC) 
configure:12794: $? = 0
configure:12783: gcc -V >&5
gcc: error: unrecognized command line option '-V'
gcc: fatal error: no input files
compilation terminated.
configure:12794: $? = 4
configure:12783: gcc -qversion >&5
gcc: error: unrecognized command line option '-qversion'
gcc: fatal error: no input files
compilation terminated.
configure:12794: $? = 4
configure:12798: checking whether we are using the GNU C compiler
configure:12826: result: yes
configure:12835: checking whether gcc accepts -g
configure:12896: result: yes
configure:12913: checking for gcc option to accept ISO C89
configure:12989: result: none needed
configure:13014: checking whether gcc understands -c and -o together
configure:13051: result: yes
configure:13070: checking dependency style of gcc
configure:13181: result: gcc3
configure:13254: checking for g++
configure:13270: found /usr/bin/g++
configure:13281: result: g++
configure:13308: checking for C++ compiler version
configure:13317: g++ --version >&5
g++ (GCC) 4.8.3 20140911 (Red Hat 4.8.3-7)
Copyright (C) 2013 Free Software Foundation, Inc.
This is free software; see the source for copying conditions.  There is NO
warranty; not even for MERCHANTABILITY or FITNESS FOR A PARTICULAR PURPOSE.

configure:13328: $? = 0
configure:13317: g++ -v >&5
Using built-in specs.
COLLECT_GCC=g++
COLLECT_LTO_WRAPPER=/usr/libexec/gcc/x86_64-redhat-linux/4.8.3/lto-wrapper
Target: x86_64-redhat-linux
Configured with: ../configure --prefix=/usr --mandir=/usr/share/man --infodir=/usr/share/info --with-bugurl=http://bugzilla.redhat.com/bugzilla --enable-bootstrap --enable-shared --enable-threads=posix --enable-checking=release --with-system-zlib --enable-__cxa_atexit --disable-libunwind-exceptions --enable-gnu-unique-object --enable-linker-build-id --with-linker-hash-style=gnu --enable-languages=c,c++,objc,obj-c++,java,fortran,ada,go,lto --enable-plugin --enable-initfini-array --enable-java-awt=gtk --disable-dssi --with-java-home=/usr/lib/jvm/java-1.5.0-gcj-1.5.0.0/jre --enable-libgcj-multifile --enable-java-maintainer-mode --with-ecj-jar=/usr/share/java/eclipse-ecj.jar --disable-libjava-multilib --with-isl=/builddir/build/BUILD/gcc-4.8.3-20140911/obj-x86_64-redhat-linux/isl-install --with-cloog=/builddir/build/BUILD/gcc-4.8.3-20140911/obj-x86_64-redhat-linux/cloog-install --with-tune=generic --with-arch_32=i686 --build=x86_64-redhat-linux
Thread model: posix
gcc version 4.8.3 20140911 (Red Hat 4.8.3-7) (GCC) 
configure:13328: $? = 0
configure:13317: g++ -V >&5
g++: error: unrecognized command line option '-V'
g++: fatal error: no input files
compilation terminated.
configure:13328: $? = 4
configure:13317: g++ -qversion >&5
g++: error: unrecognized command line option '-qversion'
g++: fatal error: no input files
compilation terminated.
configure:13328: $? = 4
configure:13332: checking whether we are using the GNU C++ compiler
configure:13351: g++ -c    conftest.cpp >&5
configure:13351: $? = 0
configure:13360: result: yes
configure:13369: checking whether g++ accepts -g
configure:13389: g++ -c -g   conftest.cpp >&5
configure:13389: $? = 0
configure:13430: result: yes
configure:13455: checking dependency style of g++
configure:13566: result: gcc3
configure:13599: checking how to run the C++ preprocessor
configure:13626: g++ -E   conftest.cpp
configure:13626: $? = 0
configure:13640: g++ -E   conftest.cpp
conftest.cpp:37:28: fatal error: ac_nonexistent.h: No such file or directory
 #include <ac_nonexistent.h>
                            ^
compilation terminated.
configure:13640: $? = 1
configure: failed program was:
| /* confdefs.h */
| #define PACKAGE_NAME "INF2610-LAB1"
| #define PACKAGE_TARNAME "inf2610-lab1"
| #define PACKAGE_VERSION "2.1"
| #define PACKAGE_STRING "INF2610-LAB1 2.1"
| #define PACKAGE_BUGREPORT ""
| #define PACKAGE_URL ""
| #define PACKAGE "inf2610-lab1"
| #define VERSION "2.1"
| #define STDC_HEADERS 1
| #define HAVE_SYS_TYPES_H 1
| #define HAVE_SYS_STAT_H 1
| #define HAVE_STDLIB_H 1
| #define HAVE_STRING_H 1
| #define HAVE_MEMORY_H 1
| #define HAVE_STRINGS_H 1
| #define HAVE_INTTYPES_H 1
| #define HAVE_STDINT_H 1
| #define HAVE_UNISTD_H 1
| #define HAVE_DLFCN_H 1
| #define LT_OBJDIR ".libs/"
| #define HAVE_SYS_TYPES_H 1
| #define HAVE_UNISTD_H 1
| #define HAVE_FCNTL_H 1
| #define HAVE_STRINGS_H 1
| #define HAVE_PTHREAD_H 1
| #define HAVE_TIME_H 1
| #define HAVE_ERRNO_H 1
| #define HAVE_STDARG_H 1
| #define HAVE_LIMITS_H 1
| #define HAVE_SIGNAL_H 1
| #define HAVE_STDLIB_H 1
| #define HAVE_INTTYPES_H 1
| #define HAVE_MATH_H 1
| #define HAVE_LIBPTHREAD 1
| /* end confdefs.h.  */
| #include <ac_nonexistent.h>
configure:13665: result: g++ -E
configure:13685: g++ -E   conftest.cpp
configure:13685: $? = 0
configure:13699: g++ -E   conftest.cpp
conftest.cpp:37:28: fatal error: ac_nonexistent.h: No such file or directory
 #include <ac_nonexistent.h>
                            ^
compilation terminated.
configure:13699: $? = 1
configure: failed program was:
| /* confdefs.h */
| #define PACKAGE_NAME "INF2610-LAB1"
| #define PACKAGE_TARNAME "inf2610-lab1"
| #define PACKAGE_VERSION "2.1"
| #define PACKAGE_STRING "INF2610-LAB1 2.1"
| #define PACKAGE_BUGREPORT ""
| #define PACKAGE_URL ""
| #define PACKAGE "inf2610-lab1"
| #define VERSION "2.1"
| #define STDC_HEADERS 1
| #define HAVE_SYS_TYPES_H 1
| #define HAVE_SYS_STAT_H 1
| #define HAVE_STDLIB_H 1
| #define HAVE_STRING_H 1
| #define HAVE_MEMORY_H 1
| #define HAVE_STRINGS_H 1
| #define HAVE_INTTYPES_H 1
| #define HAVE_STDINT_H 1
| #define HAVE_UNISTD_H 1
| #define HAVE_DLFCN_H 1
| #define LT_OBJDIR ".libs/"
| #define HAVE_SYS_TYPES_H 1
| #define HAVE_UNISTD_H 1
| #define HAVE_FCNTL_H 1
| #define HAVE_STRINGS_H 1
| #define HAVE_PTHREAD_H 1
| #define HAVE_TIME_H 1
| #define HAVE_ERRNO_H 1
| #define HAVE_STDARG_H 1
| #define HAVE_LIMITS_H 1
| #define HAVE_SIGNAL_H 1
| #define HAVE_STDLIB_H 1
| #define HAVE_INTTYPES_H 1
| #define HAVE_MATH_H 1
| #define HAVE_LIBPTHREAD 1
| /* end confdefs.h.  */
| #include <ac_nonexistent.h>
configure:13868: checking for ld used by g++
configure:13935: result: /usr/bin/ld -m elf_x86_64
configure:13942: checking if the linker (/usr/bin/ld -m elf_x86_64) is GNU ld
configure:13957: result: yes
configure:14012: checking whether the g++ linker (/usr/bin/ld -m elf_x86_64) supports shared libraries
configure:15014: result: yes
configure:15050: g++ -c -g -O2   conftest.cpp >&5
configure:15053: $? = 0
configure:15573: checking for g++ option to produce PIC
configure:15580: result: -fPIC -DPIC
configure:15588: checking if g++ PIC flag -fPIC -DPIC works
configure:15606: g++ -c -g -O2   -fPIC -DPIC -DPIC conftest.cpp >&5
configure:15610: $? = 0
configure:15623: result: yes
configure:15646: checking if g++ static flag -static works
configure:15674: result: no
configure:15686: checking if g++ supports -c -o file.o
configure:15707: g++ -c -g -O2   -o out/conftest2.o conftest.cpp >&5
configure:15711: $? = 0
configure:15733: result: yes
configure:15738: checking if g++ supports -c -o file.o
configure:15785: result: yes
configure:15815: checking whether the g++ linker (/usr/bin/ld -m elf_x86_64) supports shared libraries
configure:15854: result: yes
configure:15995: checking dynamic linker characteristics
configure:16663: result: GNU/Linux ld.so
configure:16716: checking how to hardcode library paths into programs
configure:16741: result: immediate
configure:16825: checking for ranlib
configure:16852: result: ranlib
configure:16984: checking that generated files are newer than configure
configure:16990: result: done
configure:17021: creating ./config.status

## ---------------------- ##
## Running config.status. ##
## ---------------------- ##

This file was extended by INF2610-LAB1 config.status 2.1, which was
generated by GNU Autoconf 2.69.  Invocation command line was

  CONFIG_FILES    = 
  CONFIG_HEADERS  = 
  CONFIG_LINKS    = 
  CONFIG_COMMANDS = 
  $ ./config.status 

on l4712-06.info.polymtl.ca

config.status:1168: creating Makefile
config.status:1168: creating chaine/Makefile
config.status:1168: creating banque/Makefile
config.status:1168: creating config.h
config.status:1397: executing depfiles commands
config.status:1397: executing libtool commands

## ---------------- ##
## Cache variables. ##
## ---------------- ##

ac_cv_build=x86_64-unknown-linux-gnu
ac_cv_c_compiler_gnu=yes
ac_cv_cxx_compiler_gnu=yes
ac_cv_env_CCC_set=
ac_cv_env_CCC_value=
ac_cv_env_CC_set=
ac_cv_env_CC_value=
ac_cv_env_CFLAGS_set=
ac_cv_env_CFLAGS_value=
ac_cv_env_CPPFLAGS_set=
ac_cv_env_CPPFLAGS_value=
ac_cv_env_CPP_set=
ac_cv_env_CPP_value=
ac_cv_env_CXXCPP_set=
ac_cv_env_CXXCPP_value=
ac_cv_env_CXXFLAGS_set=
ac_cv_env_CXXFLAGS_value=
ac_cv_env_CXX_set=
ac_cv_env_CXX_value=
ac_cv_env_GLIB_CFLAGS_set=
ac_cv_env_GLIB_CFLAGS_value=
ac_cv_env_GLIB_LIBS_set=
ac_cv_env_GLIB_LIBS_value=
ac_cv_env_LDFLAGS_set=
ac_cv_env_LDFLAGS_value=
ac_cv_env_LIBS_set=
ac_cv_env_LIBS_value=
ac_cv_env_PKG_CONFIG_LIBDIR_set=
ac_cv_env_PKG_CONFIG_LIBDIR_value=
ac_cv_env_PKG_CONFIG_PATH_set=
ac_cv_env_PKG_CONFIG_PATH_value=
ac_cv_env_PKG_CONFIG_set=
ac_cv_env_PKG_CONFIG_value=
ac_cv_env_build_alias_set=
ac_cv_env_build_alias_value=
ac_cv_env_host_alias_set=
ac_cv_env_host_alias_value=
ac_cv_env_target_alias_set=
ac_cv_env_target_alias_value=
ac_cv_header_dlfcn_h=yes
ac_cv_header_errno_h=yes
ac_cv_header_fcntl_h=yes
ac_cv_header_inttypes_h=yes
ac_cv_header_limits_h=yes
ac_cv_header_math_h=yes
ac_cv_header_memory_h=yes
ac_cv_header_pthread_h=yes
ac_cv_header_signal_h=yes
ac_cv_header_stdarg_h=yes
ac_cv_header_stdc=yes
ac_cv_header_stdint_h=yes
ac_cv_header_stdlib_h=yes
ac_cv_header_string_h=yes
ac_cv_header_strings_h=yes
ac_cv_header_sys_stat_h=yes
ac_cv_header_sys_types_h=yes
ac_cv_header_time_h=yes
ac_cv_header_unistd_h=yes
ac_cv_host=x86_64-unknown-linux-gnu
ac_cv_lib_pthread_pthread_create=yes
ac_cv_objext=o
ac_cv_path_EGREP='/usr/bin/grep -E'
ac_cv_path_FGREP='/usr/bin/grep -F'
ac_cv_path_GREP=/usr/bin/grep
ac_cv_path_SED=/usr/bin/sed
ac_cv_path_ac_pt_PKG_CONFIG=/usr/bin/pkg-config
ac_cv_path_install='/usr/bin/install -c'
ac_cv_path_mkdir=/usr/bin/mkdir
ac_cv_prog_AWK=gawk
ac_cv_prog_CPP='gcc -E'
ac_cv_prog_CXXCPP='g++ -E'
ac_cv_prog_ac_ct_AR=ar
ac_cv_prog_ac_ct_CC=gcc
ac_cv_prog_ac_ct_CXX=g++
ac_cv_prog_ac_ct_OBJDUMP=objdump
ac_cv_prog_ac_ct_RANLIB=ranlib
ac_cv_prog_ac_ct_STRIP=strip
ac_cv_prog_cc_c89=
ac_cv_prog_cc_g=yes
ac_cv_prog_cxx_g=yes
ac_cv_prog_make_make_set=yes
am_cv_CC_dependencies_compiler_type=gcc3
am_cv_CXX_dependencies_compiler_type=gcc3
am_cv_make_support_nested_variables=yes
am_cv_prog_cc_c_o=yes
lt_cv_ar_at_file=@
lt_cv_archive_cmds_need_lc=no
lt_cv_deplibs_check_method=pass_all
lt_cv_file_magic_cmd='$MAGIC_CMD'
lt_cv_file_magic_test_file=
lt_cv_ld_reload_flag=-r
lt_cv_nm_interface='BSD nm'
lt_cv_objdir=.libs
lt_cv_path_LD=/usr/bin/ld
lt_cv_path_LDCXX='/usr/bin/ld -m elf_x86_64'
lt_cv_path_NM='/usr/bin/nm -B'
lt_cv_path_mainfest_tool=no
lt_cv_prog_compiler_c_o=yes
lt_cv_prog_compiler_c_o_CXX=yes
lt_cv_prog_compiler_pic='-fPIC -DPIC'
lt_cv_prog_compiler_pic_CXX='-fPIC -DPIC'
lt_cv_prog_compiler_pic_works=yes
lt_cv_prog_compiler_pic_works_CXX=yes
lt_cv_prog_compiler_rtti_exceptions=no
lt_cv_prog_compiler_static_works=no
lt_cv_prog_compiler_static_works_CXX=no
lt_cv_prog_gnu_ld=yes
lt_cv_prog_gnu_ldcxx=yes
lt_cv_sharedlib_from_linklib_cmd='printf %s\n'
lt_cv_shlibpath_overrides_runpath=no
lt_cv_sys_global_symbol_pipe='sed -n -e '\''s/^.*[	 ]\([ABCDGIRSTW][ABCDGIRSTW]*\)[	 ][	 ]*\([_A-Za-z][_A-Za-z0-9]*\)$/\1 \2 \2/p'\'' | sed '\''/ __gnu_lto/d'\'''
lt_cv_sys_global_symbol_to_c_name_address='sed -n -e '\''s/^: \([^ ]*\)[ ]*$/  {\"\1\", (void *) 0},/p'\'' -e '\''s/^[ABCDGIRSTW]* \([^ ]*\) \([^ ]*\)$/  {"\2", (void *) \&\2},/p'\'''
lt_cv_sys_global_symbol_to_c_name_address_lib_prefix='sed -n -e '\''s/^: \([^ ]*\)[ ]*$/  {\"\1\", (void *) 0},/p'\'' -e '\''s/^[ABCDGIRSTW]* \([^ ]*\) \(lib[^ ]*\)$/  {"\2", (void *) \&\2},/p'\'' -e '\''s/^[ABCDGIRSTW]* \([^ ]*\) \([^ ]*\)$/  {"lib\2", (void *) \&\2},/p'\'''
lt_cv_sys_global_symbol_to_cdecl='sed -n -e '\''s/^T .* \(.*\)$/extern int \1();/p'\'' -e '\''s/^[ABCDGIRSTW]* .* \(.*\)$/extern char \1;/p'\'''
lt_cv_sys_max_cmd_len=1572864
lt_cv_to_host_file_cmd=func_convert_file_noop
lt_cv_to_tool_file_cmd=func_convert_file_noop
pkg_cv_GLIB_CFLAGS='-I/usr/include/glib-2.0 -I/usr/lib64/glib-2.0/include '
pkg_cv_GLIB_LIBS='-lglib-2.0 '

## ----------------- ##
## Output variables. ##
## ----------------- ##

ACLOCAL='${SHELL} /usagers/felara/Bureau/inf2610-lab1-2.1/missing aclocal-1.14'
AMDEPBACKSLASH='\'
AMDEP_FALSE='#'
AMDEP_TRUE=''
AMTAR='$${TAR-tar}'
AM_BACKSLASH='\'
AM_DEFAULT_V='$(AM_DEFAULT_VERBOSITY)'
AM_DEFAULT_VERBOSITY='0'
AM_V='$(V)'
AR='ar'
AUTOCONF='${SHELL} /usagers/felara/Bureau/inf2610-lab1-2.1/missing autoconf'
AUTOHEADER='${SHELL} /usagers/felara/Bureau/inf2610-lab1-2.1/missing autoheader'
AUTOMAKE='${SHELL} /usagers/felara/Bureau/inf2610-lab1-2.1/missing automake-1.14'
AWK='gawk'
CC='gcc'
CCDEPMODE='depmode=gcc3'
CFLAGS='-Wall -g -O0 -fno-inline'
CPP='gcc -E'
CPPFLAGS=' '
CXX='g++'
CXXCPP='g++ -E'
CXXDEPMODE='depmode=gcc3'
CXXFLAGS='-g -O2'
CYGPATH_W='echo'
DEFS='-DHAVE_CONFIG_H'
DEPDIR='.deps'
DLLTOOL='false'
DSYMUTIL=''
DUMPBIN=''
ECHO_C=''
ECHO_N='-n'
ECHO_T=''
EGREP='/usr/bin/grep -E'
EXEEXT=''
FGREP='/usr/bin/grep -F'
GLIB_CFLAGS='-I/usr/include/glib-2.0 -I/usr/lib64/glib-2.0/include '
GLIB_LIBS='-lglib-2.0 '
GREP='/usr/bin/grep'
INSTALL_DATA='${INSTALL} -m 644'
INSTALL_PROGRAM='${INSTALL}'
INSTALL_SCRIPT='${INSTALL}'
INSTALL_STRIP_PROGRAM='$(install_sh) -c -s'
LD='/usr/bin/ld -m elf_x86_64'
LDFLAGS=' '
LIBOBJS=''
LIBS='-lpthread  -lpth -ldl -lnsl'
LIBTOOL='$(SHELL) $(top_builddir)/libtool'
LIPO=''
LN_S='ln -s'
LTLIBOBJS=''
MAKEINFO='${SHELL} /usagers/felara/Bureau/inf2610-lab1-2.1/missing makeinfo'
MANIFEST_TOOL=':'
MKDIR_P='/usr/bin/mkdir -p'
NM='/usr/bin/nm -B'
NMEDIT=''
OBJDUMP='objdump'
OBJEXT='o'
OTOOL64=''
OTOOL=''
PACKAGE='inf2610-lab1'
PACKAGE_BUGREPORT=''
PACKAGE_NAME='INF2610-LAB1'
PACKAGE_STRING='INF2610-LAB1 2.1'
PACKAGE_TARNAME='inf2610-lab1'
PACKAGE_URL=''
PACKAGE_VERSION='2.1'
PATH_SEPARATOR=':'
PKG_CONFIG='/usr/bin/pkg-config'
PKG_CONFIG_LIBDIR=''
PKG_CONFIG_PATH=''
PTH_CFLAGS=''
PTH_CPPFLAGS=''
PTH_LDFLAGS=''
PTH_LIBS='-lpth -ldl -lnsl'
RANLIB='ranlib'
SED='/usr/bin/sed'
SET_MAKE=''
SHELL='/bin/sh'
STRIP='strip'
VERSION='2.1'
ac_ct_AR='ar'
ac_ct_CC='gcc'
ac_ct_CXX='g++'
ac_ct_DUMPBIN=''
am__EXEEXT_FALSE=''
am__EXEEXT_TRUE='#'
am__fastdepCC_FALSE='#'
am__fastdepCC_TRUE=''
am__fastdepCXX_FALSE='#'
am__fastdepCXX_TRUE=''
am__include='include'
am__isrc=''
am__leading_dot='.'
am__nodep='_no'
am__quote=''
am__tar='$${TAR-tar} chof - "$$tardir"'
am__untar='$${TAR-tar} xf -'
bindir='${exec_prefix}/bin'
build='x86_64-unknown-linux-gnu'
build_alias=''
build_cpu='x86_64'
build_os='linux-gnu'
build_vendor='unknown'
datadir='${datarootdir}'
datarootdir='${prefix}/share'
docdir='${datarootdir}/doc/${PACKAGE_TARNAME}'
dvidir='${docdir}'
exec_prefix='${prefix}'
host='x86_64-unknown-linux-gnu'
host_alias=''
host_cpu='x86_64'
host_os='linux-gnu'
host_vendor='unknown'
htmldir='${docdir}'
includedir='${prefix}/include'
infodir='${datarootdir}/info'
install_sh='${SHELL} /usagers/felara/Bureau/inf2610-lab1-2.1/install-sh'
libdir='${exec_prefix}/lib'
libexecdir='${exec_prefix}/libexec'
localedir='${datarootdir}/locale'
localstatedir='${prefix}/var'
mandir='${datarootdir}/man'
mkdir_p='$(MKDIR_P)'
oldincludedir='/usr/include'
pdfdir='${docdir}'
prefix='/usr/local'
program_transform_name='s,x,x,'
psdir='${docdir}'
sbindir='${exec_prefix}/sbin'
sharedstatedir='${prefix}/com'
sysconfdir='${prefix}/etc'
target_alias=''

## ----------- ##
## confdefs.h. ##
## ----------- ##

/* confdefs.h */
#define PACKAGE_NAME "INF2610-LAB1"
#define PACKAGE_TARNAME "inf2610-lab1"
#define PACKAGE_VERSION "2.1"
#define PACKAGE_STRING "INF2610-LAB1 2.1"
#define PACKAGE_BUGREPORT ""
#define PACKAGE_URL ""
#define PACKAGE "inf2610-lab1"
#define VERSION "2.1"
#define STDC_HEADERS 1
#define HAVE_SYS_TYPES_H 1
#define HAVE_SYS_STAT_H 1
#define HAVE_STDLIB_H 1
#define HAVE_STRING_H 1
#define HAVE_MEMORY_H 1
#define HAVE_STRINGS_H 1
#define HAVE_INTTYPES_H 1
#define HAVE_STDINT_H 1
#define HAVE_UNISTD_H 1
#define HAVE_DLFCN_H 1
#define LT_OBJDIR ".libs/"
#define HAVE_SYS_TYPES_H 1
#define HAVE_UNISTD_H 1
#define HAVE_FCNTL_H 1
#define HAVE_STRINGS_H 1
#define HAVE_PTHREAD_H 1
#define HAVE_TIME_H 1
#define HAVE_ERRNO_H 1
#define HAVE_STDARG_H 1
#define HAVE_LIMITS_H 1
#define HAVE_SIGNAL_H 1
#define HAVE_STDLIB_H 1
#define HAVE_INTTYPES_H 1
#define HAVE_MATH_H 1
#define HAVE_LIBPTHREAD 1

configure: exit 0
