This file contains any messages produced by compilers while
running configure, to aid debugging if configure makes a mistake.

It was created by INF2610-LAB3 configure 2.2, which was
generated by GNU Autoconf 2.69.  Invocation command line was

  $ ./configure 

## --------- ##
## Platform. ##
## --------- ##

hostname = l4712-20.info.polymtl.ca
uname -m = x86_64
uname -r = 3.17.4-200.fc20.x86_64
uname -s = Linux
uname -v = #1 SMP Fri Nov 21 23:26:41 UTC 2014

/usr/bin/uname -p = x86_64
/bin/uname -X     = unknown

/bin/arch              = x86_64
/usr/bin/arch -k       = unknown
/usr/convex/getsysinfo = unknown
/usr/bin/hostinfo      = unknown
/bin/machine           = unknown
/usr/bin/oslevel       = unknown
/bin/universe          = unknown

PATH: /usr/lib64/qt-3.3/bin
PATH: /usr/lib64/mpich/bin
PATH: /usr/local/bin
PATH: /usr/bin
PATH: /bin
PATH: /usr/games
PATH: /usr/local/sbin
PATH: /usr/sbin
PATH: /usr/local/cuda/bin
PATH: /opt/MATLAB/R2014a/bin
PATH: /opt/pycharm-edu-1.0/bin
PATH: /usr/local/pmccabe/usr/bin
PATH: /usr/local/CPNTools/bin
PATH: /usr/local/openclcc/bin
PATH: /usr/local/cours/inf1995/bin
PATH: /usr/local/cours/INF6410/bin
PATH: /usr/local/cours/inf6802/bin
PATH: /usr/local/cours/JohnMullins/bin
PATH: /usr/local/cours/LOG4420/bin
PATH: /usr/local/cours/INF2610/workload-kit-0.1.16/bin
PATH: /usr/local/cours/INF2610/lttv/bin
PATH: /usr/local/cours/INF2610/traceviewer
PATH: /usr/local/cours/INF2610/trace-compass
PATH: /usr/local/cours/INF6101/minizinc-2.0.1/bin
PATH: /usr/local/cours/INF6603/CPAchecker-1.3.4-unix/scripts
PATH: /usr/local/cours/INF6603/llbmc-2013.1-Linux_64/bin


## ----------- ##
## Core tests. ##
## ----------- ##

configure:2387: checking for a BSD-compatible install
configure:2455: result: /usr/bin/install -c
configure:2466: checking whether build environment is sane
configure:2521: result: yes
configure:2672: checking for a thread-safe mkdir -p
configure:2711: result: /usr/bin/mkdir -p
configure:2718: checking for gawk
configure:2734: found /usr/bin/gawk
configure:2745: result: gawk
configure:2756: checking whether make sets $(MAKE)
configure:2778: result: yes
configure:2807: checking whether make supports nested variables
configure:2824: result: yes
configure:2979: checking build system type
configure:2993: result: x86_64-unknown-linux-gnu
configure:3013: checking host system type
configure:3026: result: x86_64-unknown-linux-gnu
configure:3067: checking how to print strings
configure:3094: result: printf
configure:3127: checking for style of include used by make
configure:3155: result: GNU
configure:3226: checking for gcc
configure:3242: found /usr/bin/gcc
configure:3253: result: gcc
configure:3482: checking for C compiler version
configure:3491: gcc --version >&5
gcc (GCC) 4.8.3 20140911 (Red Hat 4.8.3-7)
Copyright (C) 2013 Free Software Foundation, Inc.
This is free software; see the source for copying conditions.  There is NO
warranty; not even for MERCHANTABILITY or FITNESS FOR A PARTICULAR PURPOSE.

configure:3502: $? = 0
configure:3491: gcc -v >&5
Using built-in specs.
COLLECT_GCC=gcc
COLLECT_LTO_WRAPPER=/usr/libexec/gcc/x86_64-redhat-linux/4.8.3/lto-wrapper
Target: x86_64-redhat-linux
Configured with: ../configure --prefix=/usr --mandir=/usr/share/man --infodir=/usr/share/info --with-bugurl=http://bugzilla.redhat.com/bugzilla --enable-bootstrap --enable-shared --enable-threads=posix --enable-checking=release --with-system-zlib --enable-__cxa_atexit --disable-libunwind-exceptions --enable-gnu-unique-object --enable-linker-build-id --with-linker-hash-style=gnu --enable-languages=c,c++,objc,obj-c++,java,fortran,ada,go,lto --enable-plugin --enable-initfini-array --enable-java-awt=gtk --disable-dssi --with-java-home=/usr/lib/jvm/java-1.5.0-gcj-1.5.0.0/jre --enable-libgcj-multifile --enable-java-maintainer-mode --with-ecj-jar=/usr/share/java/eclipse-ecj.jar --disable-libjava-multilib --with-isl=/builddir/build/BUILD/gcc-4.8.3-20140911/obj-x86_64-redhat-linux/isl-install --with-cloog=/builddir/build/BUILD/gcc-4.8.3-20140911/obj-x86_64-redhat-linux/cloog-install --with-tune=generic --with-arch_32=i686 --build=x86_64-redhat-linux
Thread model: posix
gcc version 4.8.3 20140911 (Red Hat 4.8.3-7) (GCC) 
configure:3502: $? = 0
configure:3491: gcc -V >&5
gcc: error: unrecognized command line option '-V'
gcc: fatal error: no input files
compilation terminated.
configure:3502: $? = 4
configure:3491: gcc -qversion >&5
gcc: error: unrecognized command line option '-qversion'
gcc: fatal error: no input files
compilation terminated.
configure:3502: $? = 4
configure:3522: checking whether the C compiler works
configure:3544: gcc    conftest.c  >&5
configure:3548: $? = 0
configure:3596: result: yes
configure:3599: checking for C compiler default output file name
configure:3601: result: a.out
configure:3607: checking for suffix of executables
configure:3614: gcc -o conftest    conftest.c  >&5
configure:3618: $? = 0
configure:3640: result: 
configure:3662: checking whether we are cross compiling
configure:3670: gcc -o conftest    conftest.c  >&5
configure:3674: $? = 0
configure:3681: ./conftest
configure:3685: $? = 0
configure:3700: result: no
configure:3705: checking for suffix of object files
configure:3727: gcc -c   conftest.c >&5
configure:3731: $? = 0
configure:3752: result: o
configure:3756: checking whether we are using the GNU C compiler
configure:3775: gcc -c   conftest.c >&5
configure:3775: $? = 0
configure:3784: result: yes
configure:3793: checking whether gcc accepts -g
configure:3813: gcc -c -g  conftest.c >&5
configure:3813: $? = 0
configure:3854: result: yes
configure:3871: checking for gcc option to accept ISO C89
configure:3934: gcc  -c -g -O2  conftest.c >&5
configure:3934: $? = 0
configure:3947: result: none needed
configure:3972: checking whether gcc understands -c and -o together
configure:3994: gcc -c conftest.c -o conftest2.o
configure:3997: $? = 0
configure:3994: gcc -c conftest.c -o conftest2.o
configure:3997: $? = 0
configure:4009: result: yes
configure:4028: checking dependency style of gcc
configure:4139: result: gcc3
configure:4154: checking for a sed that does not truncate output
configure:4218: result: /usr/bin/sed
configure:4236: checking for grep that handles long lines and -e
configure:4294: result: /usr/bin/grep
configure:4299: checking for egrep
configure:4361: result: /usr/bin/grep -E
configure:4366: checking for fgrep
configure:4428: result: /usr/bin/grep -F
configure:4463: checking for ld used by gcc
configure:4530: result: /usr/bin/ld
configure:4537: checking if the linker (/usr/bin/ld) is GNU ld
configure:4552: result: yes
configure:4564: checking for BSD- or MS-compatible name lister (nm)
configure:4613: result: /usr/bin/nm -B
configure:4743: checking the name lister (/usr/bin/nm -B) interface
configure:4750: gcc -c -g -O2  conftest.c >&5
configure:4753: /usr/bin/nm -B "conftest.o"
configure:4756: output
0000000000000000 B some_variable
configure:4763: result: BSD nm
configure:4766: checking whether ln -s works
configure:4770: result: yes
configure:4778: checking the maximum length of command line arguments
configure:4909: result: 1572864
configure:4926: checking whether the shell understands some XSI constructs
configure:4936: result: yes
configure:4940: checking whether the shell understands "+="
configure:4946: result: yes
configure:4981: checking how to convert x86_64-unknown-linux-gnu file names to x86_64-unknown-linux-gnu format
configure:5021: result: func_convert_file_noop
configure:5028: checking how to convert x86_64-unknown-linux-gnu file names to toolchain format
configure:5048: result: func_convert_file_noop
configure:5055: checking for /usr/bin/ld option to reload object files
configure:5062: result: -r
configure:5136: checking for objdump
configure:5152: found /usr/bin/objdump
configure:5163: result: objdump
configure:5195: checking how to recognize dependent libraries
configure:5393: result: pass_all
configure:5478: checking for dlltool
configure:5508: result: no
configure:5538: checking how to associate runtime and link libraries
configure:5565: result: printf %s\n
configure:5626: checking for ar
configure:5642: found /usr/bin/ar
configure:5653: result: ar
configure:5690: checking for archiver @FILE support
configure:5707: gcc -c -g -O2  conftest.c >&5
configure:5707: $? = 0
configure:5710: ar cru libconftest.a @conftest.lst >&5
configure:5713: $? = 0
configure:5718: ar cru libconftest.a @conftest.lst >&5
ar: conftest.o: No such file or directory
configure:5721: $? = 1
configure:5733: result: @
configure:5791: checking for strip
configure:5807: found /usr/bin/strip
configure:5818: result: strip
configure:5890: checking for ranlib
configure:5906: found /usr/bin/ranlib
configure:5917: result: ranlib
configure:6019: checking command to parse /usr/bin/nm -B output from gcc object
configure:6139: gcc -c -g -O2  conftest.c >&5
configure:6142: $? = 0
configure:6146: /usr/bin/nm -B conftest.o \| sed -n -e 's/^.*[ ]\([ABCDGIRSTW][ABCDGIRSTW]*\)[ ][ ]*\([_A-Za-z][_A-Za-z0-9]*\)$/\1 \2 \2/p' | sed '/ __gnu_lto/d' \> conftest.nm
configure:6149: $? = 0
configure:6215: gcc -o conftest -g -O2   conftest.c conftstm.o >&5
configure:6218: $? = 0
configure:6256: result: ok
configure:6293: checking for sysroot
configure:6323: result: no
configure:6400: gcc -c -g -O2  conftest.c >&5
configure:6403: $? = 0
configure:6592: checking for mt
configure:6622: result: no
configure:6642: checking if : is a manifest tool
configure:6648: : '-?'
configure:6656: result: no
configure:7298: checking how to run the C preprocessor
configure:7329: gcc -E  conftest.c
configure:7329: $? = 0
configure:7343: gcc -E  conftest.c
conftest.c:11:28: fatal error: ac_nonexistent.h: No such file or directory
 #include <ac_nonexistent.h>
                            ^
compilation terminated.
configure:7343: $? = 1
configure: failed program was:
| /* confdefs.h */
| #define PACKAGE_NAME "INF2610-LAB3"
| #define PACKAGE_TARNAME "inf2610-lab3"
| #define PACKAGE_VERSION "2.2"
| #define PACKAGE_STRING "INF2610-LAB3 2.2"
| #define PACKAGE_BUGREPORT ""
| #define PACKAGE_URL ""
| #define PACKAGE "inf2610-lab3"
| #define VERSION "2.2"
| /* end confdefs.h.  */
| #include <ac_nonexistent.h>
configure:7368: result: gcc -E
configure:7388: gcc -E  conftest.c
configure:7388: $? = 0
configure:7402: gcc -E  conftest.c
conftest.c:11:28: fatal error: ac_nonexistent.h: No such file or directory
 #include <ac_nonexistent.h>
                            ^
compilation terminated.
configure:7402: $? = 1
configure: failed program was:
| /* confdefs.h */
| #define PACKAGE_NAME "INF2610-LAB3"
| #define PACKAGE_TARNAME "inf2610-lab3"
| #define PACKAGE_VERSION "2.2"
| #define PACKAGE_STRING "INF2610-LAB3 2.2"
| #define PACKAGE_BUGREPORT ""
| #define PACKAGE_URL ""
| #define PACKAGE "inf2610-lab3"
| #define VERSION "2.2"
| /* end confdefs.h.  */
| #include <ac_nonexistent.h>
configure:7431: checking for ANSI C header files
configure:7451: gcc -c -g -O2  conftest.c >&5
configure:7451: $? = 0
configure:7524: gcc -o conftest -g -O2   conftest.c  >&5
configure:7524: $? = 0
configure:7524: ./conftest
configure:7524: $? = 0
configure:7535: result: yes
configure:7548: checking for sys/types.h
configure:7548: gcc -c -g -O2  conftest.c >&5
configure:7548: $? = 0
configure:7548: result: yes
configure:7548: checking for sys/stat.h
configure:7548: gcc -c -g -O2  conftest.c >&5
configure:7548: $? = 0
configure:7548: result: yes
configure:7548: checking for stdlib.h
configure:7548: gcc -c -g -O2  conftest.c >&5
configure:7548: $? = 0
configure:7548: result: yes
configure:7548: checking for string.h
configure:7548: gcc -c -g -O2  conftest.c >&5
configure:7548: $? = 0
configure:7548: result: yes
configure:7548: checking for memory.h
configure:7548: gcc -c -g -O2  conftest.c >&5
configure:7548: $? = 0
configure:7548: result: yes
configure:7548: checking for strings.h
configure:7548: gcc -c -g -O2  conftest.c >&5
configure:7548: $? = 0
configure:7548: result: yes
configure:7548: checking for inttypes.h
configure:7548: gcc -c -g -O2  conftest.c >&5
configure:7548: $? = 0
configure:7548: result: yes
configure:7548: checking for stdint.h
configure:7548: gcc -c -g -O2  conftest.c >&5
configure:7548: $? = 0
configure:7548: result: yes
configure:7548: checking for unistd.h
configure:7548: gcc -c -g -O2  conftest.c >&5
configure:7548: $? = 0
configure:7548: result: yes
configure:7562: checking for dlfcn.h
configure:7562: gcc -c -g -O2  conftest.c >&5
configure:7562: $? = 0
configure:7562: result: yes
configure:7768: checking for objdir
configure:7783: result: .libs
configure:8054: checking if gcc supports -fno-rtti -fno-exceptions
configure:8072: gcc -c -g -O2  -fno-rtti -fno-exceptions conftest.c >&5
cc1: warning: command line option '-fno-rtti' is valid for C++/ObjC++ but not for C [enabled by default]
configure:8076: $? = 0
configure:8089: result: no
configure:8416: checking for gcc option to produce PIC
configure:8423: result: -fPIC -DPIC
configure:8431: checking if gcc PIC flag -fPIC -DPIC works
configure:8449: gcc -c -g -O2  -fPIC -DPIC -DPIC conftest.c >&5
configure:8453: $? = 0
configure:8466: result: yes
configure:8495: checking if gcc static flag -static works
configure:8523: result: no
configure:8538: checking if gcc supports -c -o file.o
configure:8559: gcc -c -g -O2  -o out/conftest2.o conftest.c >&5
configure:8563: $? = 0
configure:8585: result: yes
configure:8593: checking if gcc supports -c -o file.o
configure:8640: result: yes
configure:8673: checking whether the gcc linker (/usr/bin/ld -m elf_x86_64) supports shared libraries
configure:9830: result: yes
configure:9867: checking whether -lc should be explicitly linked in
configure:9875: gcc -c -g -O2  conftest.c >&5
configure:9878: $? = 0
configure:9893: gcc -shared  -fPIC -DPIC conftest.o  -v -Wl,-soname -Wl,conftest -o conftest 2\>\&1 \| /usr/bin/grep  -lc  \>/dev/null 2\>\&1
configure:9896: $? = 0
configure:9910: result: no
configure:10070: checking dynamic linker characteristics
configure:10570: gcc -o conftest -g -O2   -Wl,-rpath -Wl,/foo conftest.c  >&5
configure:10570: $? = 0
configure:10804: result: GNU/Linux ld.so
configure:10911: checking how to hardcode library paths into programs
configure:10936: result: immediate
configure:11476: checking whether stripping libraries is possible
configure:11481: result: yes
configure:11516: checking if libtool supports shared libraries
configure:11518: result: yes
configure:11521: checking whether to build shared libraries
configure:11542: result: yes
configure:11545: checking whether to build static libraries
configure:11549: result: yes
configure:11590: checking for sys/types.h
configure:11590: result: yes
configure:11590: checking for unistd.h
configure:11590: result: yes
configure:11590: checking fcntl.h usability
configure:11590: gcc -c -g -O2  conftest.c >&5
configure:11590: $? = 0
configure:11590: result: yes
configure:11590: checking fcntl.h presence
configure:11590: gcc -E  conftest.c
configure:11590: $? = 0
configure:11590: result: yes
configure:11590: checking for fcntl.h
configure:11590: result: yes
configure:11590: checking for strings.h
configure:11590: result: yes
configure:11590: checking pthread.h usability
configure:11590: gcc -c -g -O2  conftest.c >&5
configure:11590: $? = 0
configure:11590: result: yes
configure:11590: checking pthread.h presence
configure:11590: gcc -E  conftest.c
configure:11590: $? = 0
configure:11590: result: yes
configure:11590: checking for pthread.h
configure:11590: result: yes
configure:11590: checking time.h usability
configure:11590: gcc -c -g -O2  conftest.c >&5
configure:11590: $? = 0
configure:11590: result: yes
configure:11590: checking time.h presence
configure:11590: gcc -E  conftest.c
configure:11590: $? = 0
configure:11590: result: yes
configure:11590: checking for time.h
configure:11590: result: yes
configure:11590: checking errno.h usability
configure:11590: gcc -c -g -O2  conftest.c >&5
configure:11590: $? = 0
configure:11590: result: yes
configure:11590: checking errno.h presence
configure:11590: gcc -E  conftest.c
configure:11590: $? = 0
configure:11590: result: yes
configure:11590: checking for errno.h
configure:11590: result: yes
configure:11590: checking stdarg.h usability
configure:11590: gcc -c -g -O2  conftest.c >&5
configure:11590: $? = 0
configure:11590: result: yes
configure:11590: checking stdarg.h presence
configure:11590: gcc -E  conftest.c
configure:11590: $? = 0
configure:11590: result: yes
configure:11590: checking for stdarg.h
configure:11590: result: yes
configure:11590: checking limits.h usability
configure:11590: gcc -c -g -O2  conftest.c >&5
configure:11590: $? = 0
configure:11590: result: yes
configure:11590: checking limits.h presence
configure:11590: gcc -E  conftest.c
configure:11590: $? = 0
configure:11590: result: yes
configure:11590: checking for limits.h
configure:11590: result: yes
configure:11590: checking signal.h usability
configure:11590: gcc -c -g -O2  conftest.c >&5
configure:11590: $? = 0
configure:11590: result: yes
configure:11590: checking signal.h presence
configure:11590: gcc -E  conftest.c
configure:11590: $? = 0
configure:11590: result: yes
configure:11590: checking for signal.h
configure:11590: result: yes
configure:11590: checking for stdlib.h
configure:11590: result: yes
configure:11603: checking for inttypes.h
configure:11603: result: yes
configure:11603: checking math.h usability
configure:11603: gcc -c -g -O2  conftest.c >&5
configure:11603: $? = 0
configure:11603: result: yes
configure:11603: checking math.h presence
configure:11603: gcc -E  conftest.c
configure:11603: $? = 0
configure:11603: result: yes
configure:11603: checking for math.h
configure:11603: result: yes
configure:11613: checking for pthread_create in -lpthread
configure:11638: gcc -o conftest -g -O2   conftest.c -lpthread   >&5
configure:11638: $? = 0
configure:11647: result: yes
configure:11661: checking whether to enable debug mode
configure:11680: result: no
configure:11699: checking whether make supports nested variables
configure:11716: result: yes
configure:11734: checking for nasm
configure:11750: found /usr/bin/nasm
configure:11761: result: nasm
configure:11774: checking for object file format of host system
configure:11848: result: ELF64
configure:11856: checking for object file format specifier (NAFLAGS) 
configure:11871: result: -felf64 -DELF -D__x86_64__
configure:11875: checking whether the assembler (nasm -felf64 -DELF -D__x86_64__) works
configure:11886: nasm -felf64 -DELF -D__x86_64__ -o conftest.o conftest.asm
configure:11889: $? = 0
configure:11891: result: yes
configure:11902: checking whether the linker accepts assembler output
configure:11905: gcc -o conftest  conftest.o -lpthread  1>&5
configure:11908: $? = 0
configure:11911: result: yes
configure:11970: checking for gcc
configure:11997: result: gcc
configure:12226: checking for C compiler version
configure:12235: gcc --version >&5
gcc (GCC) 4.8.3 20140911 (Red Hat 4.8.3-7)
Copyright (C) 2013 Free Software Foundation, Inc.
This is free software; see the source for copying conditions.  There is NO
warranty; not even for MERCHANTABILITY or FITNESS FOR A PARTICULAR PURPOSE.

configure:12246: $? = 0
configure:12235: gcc -v >&5
Using built-in specs.
COLLECT_GCC=gcc
COLLECT_LTO_WRAPPER=/usr/libexec/gcc/x86_64-redhat-linux/4.8.3/lto-wrapper
Target: x86_64-redhat-linux
Configured with: ../configure --prefix=/usr --mandir=/usr/share/man --infodir=/usr/share/info --with-bugurl=http://bugzilla.redhat.com/bugzilla --enable-bootstrap --enable-shared --enable-threads=posix --enable-checking=release --with-system-zlib --enable-__cxa_atexit --disable-libunwind-exceptions --enable-gnu-unique-object --enable-linker-build-id --with-linker-hash-style=gnu --enable-languages=c,c++,objc,obj-c++,java,fortran,ada,go,lto --enable-plugin --enable-initfini-array --enable-java-awt=gtk --disable-dssi --with-java-home=/usr/lib/jvm/java-1.5.0-gcj-1.5.0.0/jre --enable-libgcj-multifile --enable-java-maintainer-mode --with-ecj-jar=/usr/share/java/eclipse-ecj.jar --disable-libjava-multilib --with-isl=/builddir/build/BUILD/gcc-4.8.3-20140911/obj-x86_64-redhat-linux/isl-install --with-cloog=/builddir/build/BUILD/gcc-4.8.3-20140911/obj-x86_64-redhat-linux/cloog-install --with-tune=generic --with-arch_32=i686 --build=x86_64-redhat-linux
Thread model: posix
gcc version 4.8.3 20140911 (Red Hat 4.8.3-7) (GCC) 
configure:12246: $? = 0
configure:12235: gcc -V >&5
gcc: error: unrecognized command line option '-V'
gcc: fatal error: no input files
compilation terminated.
configure:12246: $? = 4
configure:12235: gcc -qversion >&5
gcc: error: unrecognized command line option '-qversion'
gcc: fatal error: no input files
compilation terminated.
configure:12246: $? = 4
configure:12250: checking whether we are using the GNU C compiler
configure:12278: result: yes
configure:12287: checking whether gcc accepts -g
configure:12348: result: yes
configure:12365: checking for gcc option to accept ISO C89
configure:12441: result: none needed
configure:12466: checking whether gcc understands -c and -o together
configure:12503: result: yes
configure:12522: checking dependency style of gcc
configure:12633: result: gcc3
configure:12706: checking for g++
configure:12722: found /usr/bin/g++
configure:12733: result: g++
configure:12760: checking for C++ compiler version
configure:12769: g++ --version >&5
g++ (GCC) 4.8.3 20140911 (Red Hat 4.8.3-7)
Copyright (C) 2013 Free Software Foundation, Inc.
This is free software; see the source for copying conditions.  There is NO
warranty; not even for MERCHANTABILITY or FITNESS FOR A PARTICULAR PURPOSE.

configure:12780: $? = 0
configure:12769: g++ -v >&5
Using built-in specs.
COLLECT_GCC=g++
COLLECT_LTO_WRAPPER=/usr/libexec/gcc/x86_64-redhat-linux/4.8.3/lto-wrapper
Target: x86_64-redhat-linux
Configured with: ../configure --prefix=/usr --mandir=/usr/share/man --infodir=/usr/share/info --with-bugurl=http://bugzilla.redhat.com/bugzilla --enable-bootstrap --enable-shared --enable-threads=posix --enable-checking=release --with-system-zlib --enable-__cxa_atexit --disable-libunwind-exceptions --enable-gnu-unique-object --enable-linker-build-id --with-linker-hash-style=gnu --enable-languages=c,c++,objc,obj-c++,java,fortran,ada,go,lto --enable-plugin --enable-initfini-array --enable-java-awt=gtk --disable-dssi --with-java-home=/usr/lib/jvm/java-1.5.0-gcj-1.5.0.0/jre --enable-libgcj-multifile --enable-java-maintainer-mode --with-ecj-jar=/usr/share/java/eclipse-ecj.jar --disable-libjava-multilib --with-isl=/builddir/build/BUILD/gcc-4.8.3-20140911/obj-x86_64-redhat-linux/isl-install --with-cloog=/builddir/build/BUILD/gcc-4.8.3-20140911/obj-x86_64-redhat-linux/cloog-install --with-tune=generic --with-arch_32=i686 --build=x86_64-redhat-linux
Thread model: posix
gcc version 4.8.3 20140911 (Red Hat 4.8.3-7) (GCC) 
configure:12780: $? = 0
configure:12769: g++ -V >&5
g++: error: unrecognized command line option '-V'
g++: fatal error: no input files
compilation terminated.
configure:12780: $? = 4
configure:12769: g++ -qversion >&5
g++: error: unrecognized command line option '-qversion'
g++: fatal error: no input files
compilation terminated.
configure:12780: $? = 4
configure:12784: checking whether we are using the GNU C++ compiler
configure:12803: g++ -c -Wall -O3 -fomit-frame-pointer -std=c++0x  conftest.cpp >&5
configure:12803: $? = 0
configure:12812: result: yes
configure:12821: checking whether g++ accepts -g
configure:12841: g++ -c -g  conftest.cpp >&5
configure:12841: $? = 0
configure:12882: result: yes
configure:12907: checking dependency style of g++
configure:13018: result: gcc3
configure:13051: checking how to run the C++ preprocessor
configure:13078: g++ -E  conftest.cpp
configure:13078: $? = 0
configure:13092: g++ -E  conftest.cpp
conftest.cpp:37:28: fatal error: ac_nonexistent.h: No such file or directory
 #include <ac_nonexistent.h>
                            ^
compilation terminated.
configure:13092: $? = 1
configure: failed program was:
| /* confdefs.h */
| #define PACKAGE_NAME "INF2610-LAB3"
| #define PACKAGE_TARNAME "inf2610-lab3"
| #define PACKAGE_VERSION "2.2"
| #define PACKAGE_STRING "INF2610-LAB3 2.2"
| #define PACKAGE_BUGREPORT ""
| #define PACKAGE_URL ""
| #define PACKAGE "inf2610-lab3"
| #define VERSION "2.2"
| #define STDC_HEADERS 1
| #define HAVE_SYS_TYPES_H 1
| #define HAVE_SYS_STAT_H 1
| #define HAVE_STDLIB_H 1
| #define HAVE_STRING_H 1
| #define HAVE_MEMORY_H 1
| #define HAVE_STRINGS_H 1
| #define HAVE_INTTYPES_H 1
| #define HAVE_STDINT_H 1
| #define HAVE_UNISTD_H 1
| #define HAVE_DLFCN_H 1
| #define LT_OBJDIR ".libs/"
| #define HAVE_SYS_TYPES_H 1
| #define HAVE_UNISTD_H 1
| #define HAVE_FCNTL_H 1
| #define HAVE_STRINGS_H 1
| #define HAVE_PTHREAD_H 1
| #define HAVE_TIME_H 1
| #define HAVE_ERRNO_H 1
| #define HAVE_STDARG_H 1
| #define HAVE_LIMITS_H 1
| #define HAVE_SIGNAL_H 1
| #define HAVE_STDLIB_H 1
| #define HAVE_INTTYPES_H 1
| #define HAVE_MATH_H 1
| #define HAVE_LIBPTHREAD 1
| /* end confdefs.h.  */
| #include <ac_nonexistent.h>
configure:13117: result: g++ -E
configure:13137: g++ -E  conftest.cpp
configure:13137: $? = 0
configure:13151: g++ -E  conftest.cpp
conftest.cpp:37:28: fatal error: ac_nonexistent.h: No such file or directory
 #include <ac_nonexistent.h>
                            ^
compilation terminated.
configure:13151: $? = 1
configure: failed program was:
| /* confdefs.h */
| #define PACKAGE_NAME "INF2610-LAB3"
| #define PACKAGE_TARNAME "inf2610-lab3"
| #define PACKAGE_VERSION "2.2"
| #define PACKAGE_STRING "INF2610-LAB3 2.2"
| #define PACKAGE_BUGREPORT ""
| #define PACKAGE_URL ""
| #define PACKAGE "inf2610-lab3"
| #define VERSION "2.2"
| #define STDC_HEADERS 1
| #define HAVE_SYS_TYPES_H 1
| #define HAVE_SYS_STAT_H 1
| #define HAVE_STDLIB_H 1
| #define HAVE_STRING_H 1
| #define HAVE_MEMORY_H 1
| #define HAVE_STRINGS_H 1
| #define HAVE_INTTYPES_H 1
| #define HAVE_STDINT_H 1
| #define HAVE_UNISTD_H 1
| #define HAVE_DLFCN_H 1
| #define LT_OBJDIR ".libs/"
| #define HAVE_SYS_TYPES_H 1
| #define HAVE_UNISTD_H 1
| #define HAVE_FCNTL_H 1
| #define HAVE_STRINGS_H 1
| #define HAVE_PTHREAD_H 1
| #define HAVE_TIME_H 1
| #define HAVE_ERRNO_H 1
| #define HAVE_STDARG_H 1
| #define HAVE_LIMITS_H 1
| #define HAVE_SIGNAL_H 1
| #define HAVE_STDLIB_H 1
| #define HAVE_INTTYPES_H 1
| #define HAVE_MATH_H 1
| #define HAVE_LIBPTHREAD 1
| /* end confdefs.h.  */
| #include <ac_nonexistent.h>
configure:13320: checking for ld used by g++
configure:13387: result: /usr/bin/ld -m elf_x86_64
configure:13394: checking if the linker (/usr/bin/ld -m elf_x86_64) is GNU ld
configure:13409: result: yes
configure:13464: checking whether the g++ linker (/usr/bin/ld -m elf_x86_64) supports shared libraries
configure:14466: result: yes
configure:14502: g++ -c -Wall -O3 -fomit-frame-pointer -std=c++0x  conftest.cpp >&5
configure:14505: $? = 0
configure:15025: checking for g++ option to produce PIC
configure:15032: result: -fPIC -DPIC
configure:15040: checking if g++ PIC flag -fPIC -DPIC works
configure:15058: g++ -c -Wall -O3 -fomit-frame-pointer -std=c++0x  -fPIC -DPIC -DPIC conftest.cpp >&5
configure:15062: $? = 0
configure:15075: result: yes
configure:15098: checking if g++ static flag -static works
configure:15126: result: no
configure:15138: checking if g++ supports -c -o file.o
configure:15159: g++ -c -Wall -O3 -fomit-frame-pointer -std=c++0x  -o out/conftest2.o conftest.cpp >&5
configure:15163: $? = 0
configure:15185: result: yes
configure:15190: checking if g++ supports -c -o file.o
configure:15237: result: yes
configure:15267: checking whether the g++ linker (/usr/bin/ld -m elf_x86_64) supports shared libraries
configure:15306: result: yes
configure:15447: checking dynamic linker characteristics
configure:16115: result: GNU/Linux ld.so
configure:16168: checking how to hardcode library paths into programs
configure:16193: result: immediate
configure:16277: checking for ranlib
configure:16304: result: ranlib
configure:16436: checking that generated files are newer than configure
configure:16442: result: done
configure:16473: creating ./config.status

## ---------------------- ##
## Running config.status. ##
## ---------------------- ##

This file was extended by INF2610-LAB3 config.status 2.2, which was
generated by GNU Autoconf 2.69.  Invocation command line was

  CONFIG_FILES    = 
  CONFIG_HEADERS  = 
  CONFIG_LINKS    = 
  CONFIG_COMMANDS = 
  $ ./config.status 

on l4712-20.info.polymtl.ca

config.status:1164: creating Makefile
config.status:1164: creating scripts/Makefile
config.status:1164: creating pagedump/Makefile
config.status:1164: creating segfault/Makefile
config.status:1164: creating randaddr/Makefile
config.status:1164: creating drmem/Makefile
config.status:1164: creating config.h
config.status:1345: config.h is unchanged
config.status:1393: executing depfiles commands
config.status:1393: executing libtool commands

## ---------------- ##
## Cache variables. ##
## ---------------- ##

ac_cv_build=x86_64-unknown-linux-gnu
ac_cv_c_compiler_gnu=yes
ac_cv_cxx_compiler_gnu=yes
ac_cv_env_CCC_set=
ac_cv_env_CCC_value=
ac_cv_env_CC_set=
ac_cv_env_CC_value=
ac_cv_env_CFLAGS_set=
ac_cv_env_CFLAGS_value=
ac_cv_env_CPPFLAGS_set=
ac_cv_env_CPPFLAGS_value=
ac_cv_env_CPP_set=
ac_cv_env_CPP_value=
ac_cv_env_CXXCPP_set=
ac_cv_env_CXXCPP_value=
ac_cv_env_CXXFLAGS_set=
ac_cv_env_CXXFLAGS_value=
ac_cv_env_CXX_set=
ac_cv_env_CXX_value=
ac_cv_env_LDFLAGS_set=
ac_cv_env_LDFLAGS_value=
ac_cv_env_LIBS_set=
ac_cv_env_LIBS_value=
ac_cv_env_build_alias_set=
ac_cv_env_build_alias_value=
ac_cv_env_host_alias_set=
ac_cv_env_host_alias_value=
ac_cv_env_target_alias_set=
ac_cv_env_target_alias_value=
ac_cv_header_dlfcn_h=yes
ac_cv_header_errno_h=yes
ac_cv_header_fcntl_h=yes
ac_cv_header_inttypes_h=yes
ac_cv_header_limits_h=yes
ac_cv_header_math_h=yes
ac_cv_header_memory_h=yes
ac_cv_header_pthread_h=yes
ac_cv_header_signal_h=yes
ac_cv_header_stdarg_h=yes
ac_cv_header_stdc=yes
ac_cv_header_stdint_h=yes
ac_cv_header_stdlib_h=yes
ac_cv_header_string_h=yes
ac_cv_header_strings_h=yes
ac_cv_header_sys_stat_h=yes
ac_cv_header_sys_types_h=yes
ac_cv_header_time_h=yes
ac_cv_header_unistd_h=yes
ac_cv_host=x86_64-unknown-linux-gnu
ac_cv_lib_pthread_pthread_create=yes
ac_cv_objext=o
ac_cv_path_EGREP='/usr/bin/grep -E'
ac_cv_path_FGREP='/usr/bin/grep -F'
ac_cv_path_GREP=/usr/bin/grep
ac_cv_path_SED=/usr/bin/sed
ac_cv_path_install='/usr/bin/install -c'
ac_cv_path_mkdir=/usr/bin/mkdir
ac_cv_prog_AWK=gawk
ac_cv_prog_CPP='gcc -E'
ac_cv_prog_CXXCPP='g++ -E'
ac_cv_prog_NASM=nasm
ac_cv_prog_ac_ct_AR=ar
ac_cv_prog_ac_ct_CC=gcc
ac_cv_prog_ac_ct_CXX=g++
ac_cv_prog_ac_ct_OBJDUMP=objdump
ac_cv_prog_ac_ct_RANLIB=ranlib
ac_cv_prog_ac_ct_STRIP=strip
ac_cv_prog_cc_c89=
ac_cv_prog_cc_g=yes
ac_cv_prog_cxx_g=yes
ac_cv_prog_make_make_set=yes
am_cv_CC_dependencies_compiler_type=gcc3
am_cv_CXX_dependencies_compiler_type=gcc3
am_cv_make_support_nested_variables=yes
am_cv_prog_cc_c_o=yes
lt_cv_ar_at_file=@
lt_cv_archive_cmds_need_lc=no
lt_cv_deplibs_check_method=pass_all
lt_cv_file_magic_cmd='$MAGIC_CMD'
lt_cv_file_magic_test_file=
lt_cv_ld_reload_flag=-r
lt_cv_nm_interface='BSD nm'
lt_cv_objdir=.libs
lt_cv_path_LD=/usr/bin/ld
lt_cv_path_LDCXX='/usr/bin/ld -m elf_x86_64'
lt_cv_path_NM='/usr/bin/nm -B'
lt_cv_path_mainfest_tool=no
lt_cv_prog_compiler_c_o=yes
lt_cv_prog_compiler_c_o_CXX=yes
lt_cv_prog_compiler_pic='-fPIC -DPIC'
lt_cv_prog_compiler_pic_CXX='-fPIC -DPIC'
lt_cv_prog_compiler_pic_works=yes
lt_cv_prog_compiler_pic_works_CXX=yes
lt_cv_prog_compiler_rtti_exceptions=no
lt_cv_prog_compiler_static_works=no
lt_cv_prog_compiler_static_works_CXX=no
lt_cv_prog_gnu_ld=yes
lt_cv_prog_gnu_ldcxx=yes
lt_cv_sharedlib_from_linklib_cmd='printf %s\n'
lt_cv_shlibpath_overrides_runpath=no
lt_cv_sys_global_symbol_pipe='sed -n -e '\''s/^.*[	 ]\([ABCDGIRSTW][ABCDGIRSTW]*\)[	 ][	 ]*\([_A-Za-z][_A-Za-z0-9]*\)$/\1 \2 \2/p'\'' | sed '\''/ __gnu_lto/d'\'''
lt_cv_sys_global_symbol_to_c_name_address='sed -n -e '\''s/^: \([^ ]*\)[ ]*$/  {\"\1\", (void *) 0},/p'\'' -e '\''s/^[ABCDGIRSTW]* \([^ ]*\) \([^ ]*\)$/  {"\2", (void *) \&\2},/p'\'''
lt_cv_sys_global_symbol_to_c_name_address_lib_prefix='sed -n -e '\''s/^: \([^ ]*\)[ ]*$/  {\"\1\", (void *) 0},/p'\'' -e '\''s/^[ABCDGIRSTW]* \([^ ]*\) \(lib[^ ]*\)$/  {"\2", (void *) \&\2},/p'\'' -e '\''s/^[ABCDGIRSTW]* \([^ ]*\) \([^ ]*\)$/  {"lib\2", (void *) \&\2},/p'\'''
lt_cv_sys_global_symbol_to_cdecl='sed -n -e '\''s/^T .* \(.*\)$/extern int \1();/p'\'' -e '\''s/^[ABCDGIRSTW]* .* \(.*\)$/extern char \1;/p'\'''
lt_cv_sys_max_cmd_len=1572864
lt_cv_to_host_file_cmd=func_convert_file_noop
lt_cv_to_tool_file_cmd=func_convert_file_noop

## ----------------- ##
## Output variables. ##
## ----------------- ##

ACLOCAL='${SHELL} /usagers/felara/Bureau/inf2610-lab3-2.2/missing aclocal-1.14'
AMDEPBACKSLASH='\'
AMDEP_FALSE='#'
AMDEP_TRUE=''
AMTAR='$${TAR-tar}'
AM_BACKSLASH='\'
AM_DEFAULT_V='$(AM_DEFAULT_VERBOSITY)'
AM_DEFAULT_VERBOSITY='0'
AM_V='$(V)'
AR='ar'
AUTOCONF='${SHELL} /usagers/felara/Bureau/inf2610-lab3-2.2/missing autoconf'
AUTOHEADER='${SHELL} /usagers/felara/Bureau/inf2610-lab3-2.2/missing autoheader'
AUTOMAKE='${SHELL} /usagers/felara/Bureau/inf2610-lab3-2.2/missing automake-1.14'
AWK='gawk'
CC='gcc'
CCDEPMODE='depmode=gcc3'
CFLAGS='-Wall -O3 -fomit-frame-pointer'
CPP='gcc -E'
CPPFLAGS=''
CXX='g++'
CXXCPP='g++ -E'
CXXDEPMODE='depmode=gcc3'
CXXFLAGS='-Wall -O3 -fomit-frame-pointer -std=c++0x'
CYGPATH_W='echo'
DEFS='-DHAVE_CONFIG_H'
DEPDIR='.deps'
DLLTOOL='false'
DSYMUTIL=''
DUMPBIN=''
ECHO_C=''
ECHO_N='-n'
ECHO_T=''
EGREP='/usr/bin/grep -E'
EXEEXT=''
FGREP='/usr/bin/grep -F'
GREP='/usr/bin/grep'
INSTALL_DATA='${INSTALL} -m 644'
INSTALL_PROGRAM='${INSTALL}'
INSTALL_SCRIPT='${INSTALL}'
INSTALL_STRIP_PROGRAM='$(install_sh) -c -s'
LD='/usr/bin/ld -m elf_x86_64'
LDFLAGS=''
LIBOBJS=''
LIBS='-lpthread '
LIBTOOL='$(SHELL) $(top_builddir)/libtool'
LIPO=''
LN_S='ln -s'
LTLIBOBJS=''
MAKEINFO='${SHELL} /usagers/felara/Bureau/inf2610-lab3-2.2/missing makeinfo'
MANIFEST_TOOL=':'
MKDIR_P='/usr/bin/mkdir -p'
NAFLAGS='-felf64 -DELF -D__x86_64__'
NASM='nasm'
NM='/usr/bin/nm -B'
NMEDIT=''
OBJDUMP='objdump'
OBJEXT='o'
OTOOL64=''
OTOOL=''
PACKAGE='inf2610-lab3'
PACKAGE_BUGREPORT=''
PACKAGE_NAME='INF2610-LAB3'
PACKAGE_STRING='INF2610-LAB3 2.2'
PACKAGE_TARNAME='inf2610-lab3'
PACKAGE_URL=''
PACKAGE_VERSION='2.2'
PATH_SEPARATOR=':'
RANLIB='ranlib'
SED='/usr/bin/sed'
SET_MAKE=''
SHELL='/bin/sh'
STRIP='strip'
VERSION='2.2'
ac_ct_AR='ar'
ac_ct_CC='gcc'
ac_ct_CXX='g++'
ac_ct_DUMPBIN=''
am__EXEEXT_FALSE=''
am__EXEEXT_TRUE='#'
am__fastdepCC_FALSE='#'
am__fastdepCC_TRUE=''
am__fastdepCXX_FALSE='#'
am__fastdepCXX_TRUE=''
am__include='include'
am__isrc=''
am__leading_dot='.'
am__nodep='_no'
am__quote=''
am__tar='$${TAR-tar} chof - "$$tardir"'
am__untar='$${TAR-tar} xf -'
bindir='${exec_prefix}/bin'
build='x86_64-unknown-linux-gnu'
build_alias=''
build_cpu='x86_64'
build_os='linux-gnu'
build_vendor='unknown'
datadir='${datarootdir}'
datarootdir='${prefix}/share'
docdir='${datarootdir}/doc/${PACKAGE_TARNAME}'
dvidir='${docdir}'
exec_prefix='${prefix}'
host='x86_64-unknown-linux-gnu'
host_alias=''
host_cpu='x86_64'
host_os='linux-gnu'
host_vendor='unknown'
htmldir='${docdir}'
includedir='${prefix}/include'
infodir='${datarootdir}/info'
install_sh='${SHELL} /usagers/felara/Bureau/inf2610-lab3-2.2/install-sh'
libdir='${exec_prefix}/lib'
libexecdir='${exec_prefix}/libexec'
localedir='${datarootdir}/locale'
localstatedir='${prefix}/var'
mandir='${datarootdir}/man'
mkdir_p='$(MKDIR_P)'
oldincludedir='/usr/include'
pdfdir='${docdir}'
prefix='/usr/local'
program_transform_name='s,x,x,'
psdir='${docdir}'
sbindir='${exec_prefix}/sbin'
sharedstatedir='${prefix}/com'
sysconfdir='${prefix}/etc'
target_alias=''

## ----------- ##
## confdefs.h. ##
## ----------- ##

/* confdefs.h */
#define PACKAGE_NAME "INF2610-LAB3"
#define PACKAGE_TARNAME "inf2610-lab3"
#define PACKAGE_VERSION "2.2"
#define PACKAGE_STRING "INF2610-LAB3 2.2"
#define PACKAGE_BUGREPORT ""
#define PACKAGE_URL ""
#define PACKAGE "inf2610-lab3"
#define VERSION "2.2"
#define STDC_HEADERS 1
#define HAVE_SYS_TYPES_H 1
#define HAVE_SYS_STAT_H 1
#define HAVE_STDLIB_H 1
#define HAVE_STRING_H 1
#define HAVE_MEMORY_H 1
#define HAVE_STRINGS_H 1
#define HAVE_INTTYPES_H 1
#define HAVE_STDINT_H 1
#define HAVE_UNISTD_H 1
#define HAVE_DLFCN_H 1
#define LT_OBJDIR ".libs/"
#define HAVE_SYS_TYPES_H 1
#define HAVE_UNISTD_H 1
#define HAVE_FCNTL_H 1
#define HAVE_STRINGS_H 1
#define HAVE_PTHREAD_H 1
#define HAVE_TIME_H 1
#define HAVE_ERRNO_H 1
#define HAVE_STDARG_H 1
#define HAVE_LIMITS_H 1
#define HAVE_SIGNAL_H 1
#define HAVE_STDLIB_H 1
#define HAVE_INTTYPES_H 1
#define HAVE_MATH_H 1
#define HAVE_LIBPTHREAD 1

configure: exit 0
